# JRE version: OpenJDK Runtime Environment (8.0_202-b03) (build 1.8.0_202-release-1483-b03)
# Java VM: OpenJDK 64-Bit Server VM (25.202-b03 mixed mode windows-amd64 compressed oops)
Heap:
 PSYoungGen      total 483328K, used 113236K [0x00000000e0000000, 0x0000000100000000, 0x0000000100000000)
  eden space 447488K, 17% used [0x00000000e0000000,0x00000000e4b96500,0x00000000fb500000)
  from space 35840K, 99% used [0x00000000fb500000,0x00000000fd7fee70,0x00000000fd800000)
  to   space 40960K, 0% used [0x00000000fd800000,0x00000000fd800000,0x0000000100000000)
 ParOldGen       total 241664K, used 164695K [0x00000000a0000000, 0x00000000aec00000, 0x00000000e0000000)
  object space 241664K, 68% used [0x00000000a0000000,0x00000000aa0d5e98,0x00000000aec00000)
 Metaspace       used 91269K, capacity 95478K, committed 95528K, reserved 1132544K
  class space    used 11697K, capacity 12542K, committed 12584K, reserved 1048576K
GC Heap History (10 events):
Event: 91.728 GC heap before
{Heap before GC invocations=38 (full 4):
 PSYoungGen      total 478720K, used 447299K [0x00000000e0000000, 0x00000000ffc00000, 0x0000000100000000)
  eden space 435200K, 100% used [0x00000000e0000000,0x00000000fa900000,0x00000000fa900000)
  from space 43520K, 27% used [0x00000000fa900000,0x00000000fb4d0db0,0x00000000fd380000)
  to   space 41472K, 0% used [0x00000000fd380000,0x00000000fd380000,0x00000000ffc00000)
 ParOldGen       total 241664K, used 124514K [0x00000000a0000000, 0x00000000aec00000, 0x00000000e0000000)
  object space 241664K, 51% used [0x00000000a0000000,0x00000000a7998870,0x00000000aec00000)
 Metaspace       used 90479K, capacity 94516K, committed 94632K, reserved 1132544K
  class space    used 11618K, capacity 12413K, committed 12456K, reserved 1048576K
Event: 91.749 GC heap after
Heap after GC invocations=38 (full 4):
 PSYoungGen      total 479744K, used 6257K [0x00000000e0000000, 0x00000000ffc00000, 0x0000000100000000)
  eden space 438272K, 0% used [0x00000000e0000000,0x00000000e0000000,0x00000000fac00000)
  from space 41472K, 15% used [0x00000000fd380000,0x00000000fd99c5f8,0x00000000ffc00000)
  to   space 40448K, 0% used [0x00000000fac00000,0x00000000fac00000,0x00000000fd380000)
 ParOldGen       total 241664K, used 130926K [0x00000000a0000000, 0x00000000aec00000, 0x00000000e0000000)
  object space 241664K, 54% used [0x00000000a0000000,0x00000000a7fdb840,0x00000000aec00000)
 Metaspace       used 90479K, capacity 94516K, committed 94632K, reserved 1132544K
  class space    used 11618K, capacity 12413K, committed 12456K, reserved 1048576K
}
Event: 92.225 GC heap before
{Heap before GC invocations=39 (full 4):
 PSYoungGen      total 479744K, used 444529K [0x00000000e0000000, 0x00000000ffc00000, 0x0000000100000000)
  eden space 438272K, 100% used [0x00000000e0000000,0x00000000fac00000,0x00000000fac00000)
  from space 41472K, 15% used [0x00000000fd380000,0x00000000fd99c5f8,0x00000000ffc00000)
  to   space 40448K, 0% used [0x00000000fac00000,0x00000000fac00000,0x00000000fd380000)
 ParOldGen       total 241664K, used 130926K [0x00000000a0000000, 0x00000000aec00000, 0x00000000e0000000)
  object space 241664K, 54% used [0x00000000a0000000,0x00000000a7fdb840,0x00000000aec00000)
 Metaspace       used 90529K, capacity 94516K, committed 94632K, reserved 1132544K
  class space    used 11618K, capacity 12413K, committed 12456K, reserved 1048576K
Event: 92.240 GC heap after
Heap after GC invocations=39 (full 4):
 PSYoungGen      total 478720K, used 18744K [0x00000000e0000000, 0x00000000ffd00000, 0x0000000100000000)
  eden space 438272K, 0% used [0x00000000e0000000,0x00000000e0000000,0x00000000fac00000)
  from space 40448K, 46% used [0x00000000fac00000,0x00000000fbe4e148,0x00000000fd380000)
  to   space 39424K, 0% used [0x00000000fd680000,0x00000000fd680000,0x00000000ffd00000)
 ParOldGen       total 241664K, used 132500K [0x00000000a0000000, 0x00000000aec00000, 0x00000000e0000000)
  object space 241664K, 54% used [0x00000000a0000000,0x00000000a81652f0,0x00000000aec00000)
 Metaspace       used 90529K, capacity 94516K, committed 94632K, reserved 1132544K
  class space    used 11618K, capacity 12413K, committed 12456K, reserved 1048576K
}
Event: 92.524 GC heap before
{Heap before GC invocations=40 (full 4):
 PSYoungGen      total 478720K, used 457016K [0x00000000e0000000, 0x00000000ffd00000, 0x0000000100000000)
  eden space 438272K, 100% used [0x00000000e0000000,0x00000000fac00000,0x00000000fac00000)
  from space 40448K, 46% used [0x00000000fac00000,0x00000000fbe4e148,0x00000000fd380000)
  to   space 39424K, 0% used [0x00000000fd680000,0x00000000fd680000,0x00000000ffd00000)
 ParOldGen       total 241664K, used 132500K [0x00000000a0000000, 0x00000000aec00000, 0x00000000e0000000)
  object space 241664K, 54% used [0x00000000a0000000,0x00000000a81652f0,0x00000000aec00000)
 Metaspace       used 90547K, capacity 94588K, committed 94888K, reserved 1132544K
  class space    used 11619K, capacity 12415K, committed 12456K, reserved 1048576K
Event: 92.539 GC heap after
Heap after GC invocations=40 (full 4):
 PSYoungGen      total 482304K, used 3856K [0x00000000e0000000, 0x00000000ffe00000, 0x0000000100000000)
  eden space 442880K, 0% used [0x00000000e0000000,0x00000000e0000000,0x00000000fb080000)
  from space 39424K, 9% used [0x00000000fd680000,0x00000000fda44010,0x00000000ffd00000)
  to   space 38912K, 0% used [0x00000000fb080000,0x00000000fb080000,0x00000000fd680000)
 ParOldGen       total 241664K, used 147373K [0x00000000a0000000, 0x00000000aec00000, 0x00000000e0000000)
  object space 241664K, 60% used [0x00000000a0000000,0x00000000a8feb688,0x00000000aec00000)
 Metaspace       used 90547K, capacity 94588K, committed 94888K, reserved 1132544K
  class space    used 11619K, capacity 12415K, committed 12456K, reserved 1048576K
}
Event: 92.857 GC heap before
{Heap before GC invocations=41 (full 4):
 PSYoungGen      total 482304K, used 446736K [0x00000000e0000000, 0x00000000ffe00000, 0x0000000100000000)
  eden space 442880K, 100% used [0x00000000e0000000,0x00000000fb080000,0x00000000fb080000)
  from space 39424K, 9% used [0x00000000fd680000,0x00000000fda44010,0x00000000ffd00000)
  to   space 38912K, 0% used [0x00000000fb080000,0x00000000fb080000,0x00000000fd680000)
 ParOldGen       total 241664K, used 147373K [0x00000000a0000000, 0x00000000aec00000, 0x00000000e0000000)
  object space 241664K, 60% used [0x00000000a0000000,0x00000000a8feb688,0x00000000aec00000)
 Metaspace       used 90552K, capacity 94588K, committed 94888K, reserved 1132544K
  class space    used 11619K, capacity 12415K, committed 12456K, reserved 1048576K
Event: 92.880 GC heap after
Heap after GC invocations=41 (full 4):
 PSYoungGen      total 481792K, used 7409K [0x00000000e0000000, 0x00000000ffc80000, 0x0000000100000000)
  eden space 442880K, 0% used [0x00000000e0000000,0x00000000e0000000,0x00000000fb080000)
  from space 38912K, 19% used [0x00000000fb080000,0x00000000fb7bc400,0x00000000fd680000)
  to   space 37376K, 0% used [0x00000000fd800000,0x00000000fd800000,0x00000000ffc80000)
 ParOldGen       total 241664K, used 150281K [0x00000000a0000000, 0x00000000aec00000, 0x00000000e0000000)
  object space 241664K, 62% used [0x00000000a0000000,0x00000000a92c2758,0x00000000aec00000)
 Metaspace       used 90552K, capacity 94588K, committed 94888K, reserved 1132544K
  class space    used 11619K, capacity 12415K, committed 12456K, reserved 1048576K
}
Event: 93.358 GC heap before
{Heap before GC invocations=42 (full 4):
 PSYoungGen      total 481792K, used 450289K [0x00000000e0000000, 0x00000000ffc80000, 0x0000000100000000)
  eden space 442880K, 100% used [0x00000000e0000000,0x00000000fb080000,0x00000000fb080000)
  from space 38912K, 19% used [0x00000000fb080000,0x00000000fb7bc400,0x00000000fd680000)
  to   space 37376K, 0% used [0x00000000fd800000,0x00000000fd800000,0x00000000ffc80000)
 ParOldGen       total 241664K, used 150281K [0x00000000a0000000, 0x00000000aec00000, 0x00000000e0000000)
  object space 241664K, 62% used [0x00000000a0000000,0x00000000a92c2758,0x00000000aec00000)
 Metaspace       used 90562K, capacity 94588K, committed 94888K, reserved 1132544K
  class space    used 11620K, capacity 12415K, committed 12456K, reserved 1048576K
Event: 93.369 GC heap after
Heap after GC invocations=42 (full 4):
 PSYoungGen      total 483840K, used 7504K [0x00000000e0000000, 0x00000000ffb80000, 0x0000000100000000)
  eden space 447488K, 0% used [0x00000000e0000000,0x00000000e0000000,0x00000000fb500000)
  from space 36352K, 20% used [0x00000000fd800000,0x00000000fdf540e0,0x00000000ffb80000)
  to   space 35840K, 0% used [0x00000000fb500000,0x00000000fb500000,0x00000000fd800000)
 ParOldGen       total 241664K, used 155981K [0x00000000a0000000, 0x00000000aec00000, 0x00000000e0000000)
  object space 241664K, 64% used [0x00000000a0000000,0x00000000a9853688,0x00000000aec00000)
 Metaspace       used 90562K, capacity 94588K, committed 94888K, reserved 1132544K
  class space    used 11620K, capacity 12415K, committed 12456K, reserved 1048576K
}

