# JRE version: OpenJDK Runtime Environment (8.0_202-b03) (build 1.8.0_202-release-1483-b03)
# Java VM: OpenJDK 64-Bit Server VM (25.202-b03 mixed mode windows-amd64 compressed oops)
Heap:
 PSYoungGen      total 279552K, used 70162K [0x00000000e0000000, 0x00000000f5380000, 0x0000000100000000)
  eden space 217600K, 12% used [0x00000000e0000000,0x00000000e19fa4d8,0x00000000ed480000)
  from space 61952K, 70% used [0x00000000f1600000,0x00000000f408a710,0x00000000f5280000)
  to   space 65024K, 0% used [0x00000000ed480000,0x00000000ed480000,0x00000000f1400000)
 ParOldGen       total 314880K, used 142667K [0x00000000a0000000, 0x00000000b3380000, 0x00000000e0000000)
  object space 314880K, 45% used [0x00000000a0000000,0x00000000a8b52c08,0x00000000b3380000)
 Metaspace       used 94958K, capacity 99072K, committed 99288K, reserved 1136640K
  class space    used 11885K, capacity 12795K, committed 12800K, reserved 1048576K
GC Heap History (10 events):
Event: 875.647 GC heap before
{Heap before GC invocations=24 (full 4):
 PSYoungGen      total 205312K, used 151552K [0x00000000e0000000, 0x00000000f0e00000, 0x0000000100000000)
  eden space 151552K, 100% used [0x00000000e0000000,0x00000000e9400000,0x00000000e9400000)
  from space 53760K, 0% used [0x00000000e9400000,0x00000000e9400000,0x00000000ec880000)
  to   space 52224K, 0% used [0x00000000edb00000,0x00000000edb00000,0x00000000f0e00000)
 ParOldGen       total 314880K, used 134117K [0x00000000a0000000, 0x00000000b3380000, 0x00000000e0000000)
  object space 314880K, 42% used [0x00000000a0000000,0x00000000a82f94e0,0x00000000b3380000)
 Metaspace       used 90586K, capacity 94196K, committed 94680K, reserved 1132544K
  class space    used 11670K, capacity 12461K, committed 12544K, reserved 1048576K
Event: 875.663 GC heap after
Heap after GC invocations=24 (full 4):
 PSYoungGen      total 220160K, used 13455K [0x00000000e0000000, 0x00000000f0a00000, 0x0000000100000000)
  eden space 172032K, 0% used [0x00000000e0000000,0x00000000e0000000,0x00000000ea800000)
  from space 48128K, 27% used [0x00000000edb00000,0x00000000ee823e20,0x00000000f0a00000)
  to   space 50176K, 0% used [0x00000000ea800000,0x00000000ea800000,0x00000000ed900000)
 ParOldGen       total 314880K, used 134125K [0x00000000a0000000, 0x00000000b3380000, 0x00000000e0000000)
  object space 314880K, 42% used [0x00000000a0000000,0x00000000a82fb4e0,0x00000000b3380000)
 Metaspace       used 90586K, capacity 94196K, committed 94680K, reserved 1132544K
  class space    used 11670K, capacity 12461K, committed 12544K, reserved 1048576K
}
Event: 876.964 GC heap before
{Heap before GC invocations=25 (full 4):
 PSYoungGen      total 220160K, used 185487K [0x00000000e0000000, 0x00000000f0a00000, 0x0000000100000000)
  eden space 172032K, 100% used [0x00000000e0000000,0x00000000ea800000,0x00000000ea800000)
  from space 48128K, 27% used [0x00000000edb00000,0x00000000ee823e20,0x00000000f0a00000)
  to   space 50176K, 0% used [0x00000000ea800000,0x00000000ea800000,0x00000000ed900000)
 ParOldGen       total 314880K, used 134125K [0x00000000a0000000, 0x00000000b3380000, 0x00000000e0000000)
  object space 314880K, 42% used [0x00000000a0000000,0x00000000a82fb4e0,0x00000000b3380000)
 Metaspace       used 92283K, capacity 95894K, committed 96344K, reserved 1132544K
  class space    used 11753K, capacity 12572K, committed 12672K, reserved 1048576K
Event: 876.986 GC heap after
Heap after GC invocations=25 (full 4):
 PSYoungGen      total 222208K, used 33889K [0x00000000e0000000, 0x00000000f2880000, 0x0000000100000000)
  eden space 172032K, 0% used [0x00000000e0000000,0x00000000e0000000,0x00000000ea800000)
  from space 50176K, 67% used [0x00000000ea800000,0x00000000ec9184f8,0x00000000ed900000)
  to   space 52736K, 0% used [0x00000000ef500000,0x00000000ef500000,0x00000000f2880000)
 ParOldGen       total 314880K, used 134133K [0x00000000a0000000, 0x00000000b3380000, 0x00000000e0000000)
  object space 314880K, 42% used [0x00000000a0000000,0x00000000a82fd4e0,0x00000000b3380000)
 Metaspace       used 92283K, capacity 95894K, committed 96344K, reserved 1132544K
  class space    used 11753K, capacity 12572K, committed 12672K, reserved 1048576K
}
Event: 951.146 GC heap before
{Heap before GC invocations=26 (full 4):
 PSYoungGen      total 222208K, used 205921K [0x00000000e0000000, 0x00000000f2880000, 0x0000000100000000)
  eden space 172032K, 100% used [0x00000000e0000000,0x00000000ea800000,0x00000000ea800000)
  from space 50176K, 67% used [0x00000000ea800000,0x00000000ec9184f8,0x00000000ed900000)
  to   space 52736K, 0% used [0x00000000ef500000,0x00000000ef500000,0x00000000f2880000)
 ParOldGen       total 314880K, used 134133K [0x00000000a0000000, 0x00000000b3380000, 0x00000000e0000000)
  object space 314880K, 42% used [0x00000000a0000000,0x00000000a82fd4e0,0x00000000b3380000)
 Metaspace       used 92796K, capacity 96580K, committed 96856K, reserved 1134592K
  class space    used 11775K, capacity 12609K, committed 12672K, reserved 1048576K
Event: 951.165 GC heap after
Heap after GC invocations=26 (full 4):
 PSYoungGen      total 242688K, used 30243K [0x00000000e0000000, 0x00000000f2480000, 0x0000000100000000)
  eden space 194048K, 0% used [0x00000000e0000000,0x00000000e0000000,0x00000000ebd80000)
  from space 48640K, 62% used [0x00000000ef500000,0x00000000f1288d30,0x00000000f2480000)
  to   space 52736K, 0% used [0x00000000ebd80000,0x00000000ebd80000,0x00000000ef100000)
 ParOldGen       total 314880K, used 134141K [0x00000000a0000000, 0x00000000b3380000, 0x00000000e0000000)
  object space 314880K, 42% used [0x00000000a0000000,0x00000000a82ff4e0,0x00000000b3380000)
 Metaspace       used 92796K, capacity 96580K, committed 96856K, reserved 1134592K
  class space    used 11775K, capacity 12609K, committed 12672K, reserved 1048576K
}
Event: 952.891 GC heap before
{Heap before GC invocations=27 (full 4):
 PSYoungGen      total 242688K, used 224291K [0x00000000e0000000, 0x00000000f2480000, 0x0000000100000000)
  eden space 194048K, 100% used [0x00000000e0000000,0x00000000ebd80000,0x00000000ebd80000)
  from space 48640K, 62% used [0x00000000ef500000,0x00000000f1288d30,0x00000000f2480000)
  to   space 52736K, 0% used [0x00000000ebd80000,0x00000000ebd80000,0x00000000ef100000)
 ParOldGen       total 314880K, used 134141K [0x00000000a0000000, 0x00000000b3380000, 0x00000000e0000000)
  object space 314880K, 42% used [0x00000000a0000000,0x00000000a82ff4e0,0x00000000b3380000)
 Metaspace       used 94471K, capacity 98432K, committed 98776K, reserved 1134592K
  class space    used 11852K, capacity 12713K, committed 12800K, reserved 1048576K
Event: 952.920 GC heap after
Heap after GC invocations=27 (full 4):
 PSYoungGen      total 246784K, used 52706K [0x00000000e0000000, 0x00000000f5280000, 0x0000000100000000)
  eden space 194048K, 0% used [0x00000000e0000000,0x00000000e0000000,0x00000000ebd80000)
  from space 52736K, 99% used [0x00000000ebd80000,0x00000000ef0f8908,0x00000000ef100000)
  to   space 61952K, 0% used [0x00000000f1600000,0x00000000f1600000,0x00000000f5280000)
 ParOldGen       total 314880K, used 136444K [0x00000000a0000000, 0x00000000b3380000, 0x00000000e0000000)
  object space 314880K, 43% used [0x00000000a0000000,0x00000000a853f380,0x00000000b3380000)
 Metaspace       used 94471K, capacity 98432K, committed 98776K, reserved 1134592K
  class space    used 11852K, capacity 12713K, committed 12800K, reserved 1048576K
}
Event: 1049.883 GC heap before
{Heap before GC invocations=28 (full 4):
 PSYoungGen      total 246784K, used 246754K [0x00000000e0000000, 0x00000000f5280000, 0x0000000100000000)
  eden space 194048K, 100% used [0x00000000e0000000,0x00000000ebd80000,0x00000000ebd80000)
  from space 52736K, 99% used [0x00000000ebd80000,0x00000000ef0f8908,0x00000000ef100000)
  to   space 61952K, 0% used [0x00000000f1600000,0x00000000f1600000,0x00000000f5280000)
 ParOldGen       total 314880K, used 136444K [0x00000000a0000000, 0x00000000b3380000, 0x00000000e0000000)
  object space 314880K, 43% used [0x00000000a0000000,0x00000000a853f380,0x00000000b3380000)
 Metaspace       used 94905K, capacity 99036K, committed 99288K, reserved 1136640K
  class space    used 11879K, capacity 12759K, committed 12800K, reserved 1048576K
Event: 1049.912 GC heap after
Heap after GC invocations=28 (full 4):
 PSYoungGen      total 279552K, used 43561K [0x00000000e0000000, 0x00000000f5380000, 0x0000000100000000)
  eden space 217600K, 0% used [0x00000000e0000000,0x00000000e0000000,0x00000000ed480000)
  from space 61952K, 70% used [0x00000000f1600000,0x00000000f408a710,0x00000000f5280000)
  to   space 65024K, 0% used [0x00000000ed480000,0x00000000ed480000,0x00000000f1400000)
 ParOldGen       total 314880K, used 142667K [0x00000000a0000000, 0x00000000b3380000, 0x00000000e0000000)
  object space 314880K, 45% used [0x00000000a0000000,0x00000000a8b52c08,0x00000000b3380000)
 Metaspace       used 94905K, capacity 99036K, committed 99288K, reserved 1136640K
  class space    used 11879K, capacity 12759K, committed 12800K, reserved 1048576K
}

