# JRE version: OpenJDK Runtime Environment (8.0_202-b03) (build 1.8.0_202-release-1483-b03)
# Java VM: OpenJDK 64-Bit Server VM (25.202-b03 mixed mode windows-amd64 compressed oops)
Heap:
 PSYoungGen      total 239616K, used 212830K [0x00000000e0000000, 0x00000000f4900000, 0x0000000100000000)
  eden space 193024K, 86% used [0x00000000e0000000,0x00000000ea25ce10,0x00000000ebc80000)
  from space 46592K, 99% used [0x00000000ebc80000,0x00000000ee9faa30,0x00000000eea00000)
  to   space 66560K, 0% used [0x00000000f0800000,0x00000000f0800000,0x00000000f4900000)
 ParOldGen       total 236032K, used 121362K [0x00000000a0000000, 0x00000000ae680000, 0x00000000e0000000)
  object space 236032K, 51% used [0x00000000a0000000,0x00000000a7684a60,0x00000000ae680000)
 Metaspace       used 125028K, capacity 131136K, committed 131456K, reserved 1163264K
  class space    used 15741K, capacity 16980K, committed 17024K, reserved 1048576K
GC Heap History (10 events):
Event: 3808.923 GC heap before
{Heap before GC invocations=25 (full 4):
 PSYoungGen      total 210432K, used 201146K [0x00000000e0000000, 0x00000000ef580000, 0x0000000100000000)
  eden space 180736K, 100% used [0x00000000e0000000,0x00000000eb080000,0x00000000eb080000)
  from space 29696K, 68% used [0x00000000ece00000,0x00000000ee1ee9d0,0x00000000eeb00000)
  to   space 30208K, 0% used [0x00000000eb080000,0x00000000eb080000,0x00000000ece00000)
 ParOldGen       total 236032K, used 66849K [0x00000000a0000000, 0x00000000ae680000, 0x00000000e0000000)
  object space 236032K, 28% used [0x00000000a0000000,0x00000000a41485a0,0x00000000ae680000)
 Metaspace       used 110934K, capacity 116566K, committed 116864K, reserved 1150976K
  class space    used 14303K, capacity 15417K, committed 15488K, reserved 1048576K
Event: 3808.944 GC heap after
Heap after GC invocations=25 (full 4):
 PSYoungGen      total 210944K, used 18913K [0x00000000e0000000, 0x00000000ef600000, 0x0000000100000000)
  eden space 180736K, 0% used [0x00000000e0000000,0x00000000e0000000,0x00000000eb080000)
  from space 30208K, 62% used [0x00000000eb080000,0x00000000ec2f8578,0x00000000ece00000)
  to   space 30208K, 0% used [0x00000000ed880000,0x00000000ed880000,0x00000000ef600000)
 ParOldGen       total 236032K, used 66857K [0x00000000a0000000, 0x00000000ae680000, 0x00000000e0000000)
  object space 236032K, 28% used [0x00000000a0000000,0x00000000a414a5a0,0x00000000ae680000)
 Metaspace       used 110934K, capacity 116566K, committed 116864K, reserved 1150976K
  class space    used 14303K, capacity 15417K, committed 15488K, reserved 1048576K
}
Event: 3812.318 GC heap before
{Heap before GC invocations=26 (full 4):
 PSYoungGen      total 210944K, used 199649K [0x00000000e0000000, 0x00000000ef600000, 0x0000000100000000)
  eden space 180736K, 100% used [0x00000000e0000000,0x00000000eb080000,0x00000000eb080000)
  from space 30208K, 62% used [0x00000000eb080000,0x00000000ec2f8578,0x00000000ece00000)
  to   space 30208K, 0% used [0x00000000ed880000,0x00000000ed880000,0x00000000ef600000)
 ParOldGen       total 236032K, used 66857K [0x00000000a0000000, 0x00000000ae680000, 0x00000000e0000000)
  object space 236032K, 28% used [0x00000000a0000000,0x00000000a414a5a0,0x00000000ae680000)
 Metaspace       used 112393K, capacity 118082K, committed 118400K, reserved 1153024K
  class space    used 14449K, capacity 15635K, committed 15744K, reserved 1048576K
Event: 3812.343 GC heap after
Heap after GC invocations=26 (full 4):
 PSYoungGen      total 214016K, used 30187K [0x00000000e0000000, 0x00000000f0680000, 0x0000000100000000)
  eden space 183808K, 0% used [0x00000000e0000000,0x00000000e0000000,0x00000000eb380000)
  from space 30208K, 99% used [0x00000000ed880000,0x00000000ef5fac40,0x00000000ef600000)
  to   space 37888K, 0% used [0x00000000eb380000,0x00000000eb380000,0x00000000ed880000)
 ParOldGen       total 236032K, used 76791K [0x00000000a0000000, 0x00000000ae680000, 0x00000000e0000000)
  object space 236032K, 32% used [0x00000000a0000000,0x00000000a4afdef8,0x00000000ae680000)
 Metaspace       used 112393K, capacity 118082K, committed 118400K, reserved 1153024K
  class space    used 14449K, capacity 15635K, committed 15744K, reserved 1048576K
}
Event: 3818.565 GC heap before
{Heap before GC invocations=27 (full 4):
 PSYoungGen      total 214016K, used 213995K [0x00000000e0000000, 0x00000000f0680000, 0x0000000100000000)
  eden space 183808K, 100% used [0x00000000e0000000,0x00000000eb380000,0x00000000eb380000)
  from space 30208K, 99% used [0x00000000ed880000,0x00000000ef5fac40,0x00000000ef600000)
  to   space 37888K, 0% used [0x00000000eb380000,0x00000000eb380000,0x00000000ed880000)
 ParOldGen       total 236032K, used 76791K [0x00000000a0000000, 0x00000000ae680000, 0x00000000e0000000)
  object space 236032K, 32% used [0x00000000a0000000,0x00000000a4afdef8,0x00000000ae680000)
 Metaspace       used 114630K, capacity 120554K, committed 120704K, reserved 1155072K
  class space    used 14703K, capacity 15921K, committed 16000K, reserved 1048576K
Event: 3818.594 GC heap after
Heap after GC invocations=27 (full 4):
 PSYoungGen      total 221696K, used 37872K [0x00000000e0000000, 0x00000000f1480000, 0x0000000100000000)
  eden space 183808K, 0% used [0x00000000e0000000,0x00000000e0000000,0x00000000eb380000)
  from space 37888K, 99% used [0x00000000eb380000,0x00000000ed87c1a0,0x00000000ed880000)
  to   space 43520K, 0% used [0x00000000eea00000,0x00000000eea00000,0x00000000f1480000)
 ParOldGen       total 236032K, used 78071K [0x00000000a0000000, 0x00000000ae680000, 0x00000000e0000000)
  object space 236032K, 33% used [0x00000000a0000000,0x00000000a4c3de60,0x00000000ae680000)
 Metaspace       used 114630K, capacity 120554K, committed 120704K, reserved 1155072K
  class space    used 14703K, capacity 15921K, committed 16000K, reserved 1048576K
}
Event: 3826.857 GC heap before
{Heap before GC invocations=28 (full 4):
 PSYoungGen      total 221696K, used 221680K [0x00000000e0000000, 0x00000000f1480000, 0x0000000100000000)
  eden space 183808K, 100% used [0x00000000e0000000,0x00000000eb380000,0x00000000eb380000)
  from space 37888K, 99% used [0x00000000eb380000,0x00000000ed87c1a0,0x00000000ed880000)
  to   space 43520K, 0% used [0x00000000eea00000,0x00000000eea00000,0x00000000f1480000)
 ParOldGen       total 236032K, used 78071K [0x00000000a0000000, 0x00000000ae680000, 0x00000000e0000000)
  object space 236032K, 33% used [0x00000000a0000000,0x00000000a4c3de60,0x00000000ae680000)
 Metaspace       used 116592K, capacity 122572K, committed 122624K, reserved 1155072K
  class space    used 14939K, capacity 16120K, committed 16128K, reserved 1048576K
Event: 3826.890 GC heap after
Heap after GC invocations=28 (full 4):
 PSYoungGen      total 236544K, used 34133K [0x00000000e0000000, 0x00000000f1a00000, 0x0000000100000000)
  eden space 193024K, 0% used [0x00000000e0000000,0x00000000e0000000,0x00000000ebc80000)
  from space 43520K, 78% used [0x00000000eea00000,0x00000000f0b55450,0x00000000f1480000)
  to   space 46592K, 0% used [0x00000000ebc80000,0x00000000ebc80000,0x00000000eea00000)
 ParOldGen       total 236032K, used 85012K [0x00000000a0000000, 0x00000000ae680000, 0x00000000e0000000)
  object space 236032K, 36% used [0x00000000a0000000,0x00000000a53051c8,0x00000000ae680000)
 Metaspace       used 116592K, capacity 122572K, committed 122624K, reserved 1155072K
  class space    used 14939K, capacity 16120K, committed 16128K, reserved 1048576K
}
Event: 3832.810 GC heap before
{Heap before GC invocations=29 (full 4):
 PSYoungGen      total 236544K, used 227157K [0x00000000e0000000, 0x00000000f1a00000, 0x0000000100000000)
  eden space 193024K, 100% used [0x00000000e0000000,0x00000000ebc80000,0x00000000ebc80000)
  from space 43520K, 78% used [0x00000000eea00000,0x00000000f0b55450,0x00000000f1480000)
  to   space 46592K, 0% used [0x00000000ebc80000,0x00000000ebc80000,0x00000000eea00000)
 ParOldGen       total 236032K, used 85012K [0x00000000a0000000, 0x00000000ae680000, 0x00000000e0000000)
  object space 236032K, 36% used [0x00000000a0000000,0x00000000a53051c8,0x00000000ae680000)
 Metaspace       used 123422K, capacity 129552K, committed 129792K, reserved 1163264K
  class space    used 15618K, capacity 16866K, committed 16896K, reserved 1048576K
Event: 3832.862 GC heap after
Heap after GC invocations=29 (full 4):
 PSYoungGen      total 239616K, used 46570K [0x00000000e0000000, 0x00000000f4900000, 0x0000000100000000)
  eden space 193024K, 0% used [0x00000000e0000000,0x00000000e0000000,0x00000000ebc80000)
  from space 46592K, 99% used [0x00000000ebc80000,0x00000000ee9faa30,0x00000000eea00000)
  to   space 66560K, 0% used [0x00000000f0800000,0x00000000f0800000,0x00000000f4900000)
 ParOldGen       total 236032K, used 121362K [0x00000000a0000000, 0x00000000ae680000, 0x00000000e0000000)
  object space 236032K, 51% used [0x00000000a0000000,0x00000000a7684a60,0x00000000ae680000)
 Metaspace       used 123422K, capacity 129552K, committed 129792K, reserved 1163264K
  class space    used 15618K, capacity 16866K, committed 16896K, reserved 1048576K
}

