# JRE version: OpenJDK Runtime Environment (8.0_202-b03) (build 1.8.0_202-release-1483-b03)
# Java VM: OpenJDK 64-Bit Server VM (25.202-b03 mixed mode windows-amd64 compressed oops)
Heap:
 PSYoungGen      total 265728K, used 59092K [0x00000000e0000000, 0x00000000f4400000, 0x0000000100000000)
  eden space 205824K, 12% used [0x00000000e0000000,0x00000000e18c2578,0x00000000ec900000)
  from space 59904K, 56% used [0x00000000f0480000,0x00000000f2572b88,0x00000000f3f00000)
  to   space 60928K, 0% used [0x00000000ec900000,0x00000000ec900000,0x00000000f0480000)
 ParOldGen       total 298496K, used 149166K [0x00000000a0000000, 0x00000000b2380000, 0x00000000e0000000)
  object space 298496K, 49% used [0x00000000a0000000,0x00000000a91abae0,0x00000000b2380000)
 Metaspace       used 91334K, capacity 94788K, committed 95744K, reserved 1132544K
  class space    used 11561K, capacity 12370K, committed 12544K, reserved 1048576K
GC Heap History (10 events):
Event: 8379.234 GC heap before
{Heap before GC invocations=24 (full 3):
 PSYoungGen      total 216576K, used 199696K [0x00000000e0000000, 0x00000000ef700000, 0x0000000100000000)
  eden space 190464K, 100% used [0x00000000e0000000,0x00000000eba00000,0x00000000eba00000)
  from space 26112K, 35% used [0x00000000edd80000,0x00000000ee684338,0x00000000ef700000)
  to   space 31232K, 0% used [0x00000000eba00000,0x00000000eba00000,0x00000000ed880000)
 ParOldGen       total 126464K, used 92516K [0x00000000a0000000, 0x00000000a7b80000, 0x00000000e0000000)
  object space 126464K, 73% used [0x00000000a0000000,0x00000000a5a590c0,0x00000000a7b80000)
 Metaspace       used 87758K, capacity 91572K, committed 91776K, reserved 1128448K
  class space    used 11500K, capacity 12337K, committed 12416K, reserved 1048576K
Event: 8379.261 GC heap after
Heap after GC invocations=24 (full 3):
 PSYoungGen      total 221696K, used 31205K [0x00000000e0000000, 0x00000000f1580000, 0x0000000100000000)
  eden space 190464K, 0% used [0x00000000e0000000,0x00000000e0000000,0x00000000eba00000)
  from space 31232K, 99% used [0x00000000eba00000,0x00000000ed879600,0x00000000ed880000)
  to   space 37376K, 0% used [0x00000000ef100000,0x00000000ef100000,0x00000000f1580000)
 ParOldGen       total 126464K, used 95779K [0x00000000a0000000, 0x00000000a7b80000, 0x00000000e0000000)
  object space 126464K, 75% used [0x00000000a0000000,0x00000000a5d88fb8,0x00000000a7b80000)
 Metaspace       used 87758K, capacity 91572K, committed 91776K, reserved 1128448K
  class space    used 11500K, capacity 12337K, committed 12416K, reserved 1048576K
}
Event: 8381.052 GC heap before
{Heap before GC invocations=25 (full 3):
 PSYoungGen      total 221696K, used 221669K [0x00000000e0000000, 0x00000000f1580000, 0x0000000100000000)
  eden space 190464K, 100% used [0x00000000e0000000,0x00000000eba00000,0x00000000eba00000)
  from space 31232K, 99% used [0x00000000eba00000,0x00000000ed879600,0x00000000ed880000)
  to   space 37376K, 0% used [0x00000000ef100000,0x00000000ef100000,0x00000000f1580000)
 ParOldGen       total 126464K, used 95779K [0x00000000a0000000, 0x00000000a7b80000, 0x00000000e0000000)
  object space 126464K, 75% used [0x00000000a0000000,0x00000000a5d88fb8,0x00000000a7b80000)
 Metaspace       used 89898K, capacity 93662K, committed 93952K, reserved 1130496K
  class space    used 11577K, capacity 12438K, committed 12544K, reserved 1048576K
Event: 8381.096 GC heap after
Heap after GC invocations=25 (full 3):
 PSYoungGen      total 223232K, used 37367K [0x00000000e0000000, 0x00000000f4600000, 0x0000000100000000)
  eden space 185856K, 0% used [0x00000000e0000000,0x00000000e0000000,0x00000000eb580000)
  from space 37376K, 99% used [0x00000000ef100000,0x00000000f157dcf0,0x00000000f1580000)
  to   space 60928K, 0% used [0x00000000eb580000,0x00000000eb580000,0x00000000ef100000)
 ParOldGen       total 142848K, used 142817K [0x00000000a0000000, 0x00000000a8b80000, 0x00000000e0000000)
  object space 142848K, 99% used [0x00000000a0000000,0x00000000a8b78440,0x00000000a8b80000)
 Metaspace       used 89898K, capacity 93662K, committed 93952K, reserved 1130496K
  class space    used 11577K, capacity 12438K, committed 12544K, reserved 1048576K
}
Event: 8381.096 GC heap before
{Heap before GC invocations=26 (full 4):
 PSYoungGen      total 223232K, used 37367K [0x00000000e0000000, 0x00000000f4600000, 0x0000000100000000)
  eden space 185856K, 0% used [0x00000000e0000000,0x00000000e0000000,0x00000000eb580000)
  from space 37376K, 99% used [0x00000000ef100000,0x00000000f157dcf0,0x00000000f1580000)
  to   space 60928K, 0% used [0x00000000eb580000,0x00000000eb580000,0x00000000ef100000)
 ParOldGen       total 142848K, used 142817K [0x00000000a0000000, 0x00000000a8b80000, 0x00000000e0000000)
  object space 142848K, 99% used [0x00000000a0000000,0x00000000a8b78440,0x00000000a8b80000)
 Metaspace       used 89898K, capacity 93662K, committed 93952K, reserved 1130496K
  class space    used 11577K, capacity 12438K, committed 12544K, reserved 1048576K
Event: 8381.597 GC heap after
Heap after GC invocations=26 (full 4):
 PSYoungGen      total 223232K, used 6590K [0x00000000e0000000, 0x00000000f4600000, 0x0000000100000000)
  eden space 185856K, 0% used [0x00000000e0000000,0x00000000e0000000,0x00000000eb580000)
  from space 37376K, 17% used [0x00000000ef100000,0x00000000ef76fb10,0x00000000f1580000)
  to   space 60928K, 0% used [0x00000000eb580000,0x00000000eb580000,0x00000000ef100000)
 ParOldGen       total 298496K, used 142500K [0x00000000a0000000, 0x00000000b2380000, 0x00000000e0000000)
  object space 298496K, 47% used [0x00000000a0000000,0x00000000a8b292d8,0x00000000b2380000)
 Metaspace       used 89092K, capacity 92060K, committed 93952K, reserved 1130496K
  class space    used 11403K, capacity 12119K, committed 12544K, reserved 1048576K
}
Event: 8646.688 GC heap before
{Heap before GC invocations=27 (full 4):
 PSYoungGen      total 223232K, used 192446K [0x00000000e0000000, 0x00000000f4600000, 0x0000000100000000)
  eden space 185856K, 100% used [0x00000000e0000000,0x00000000eb580000,0x00000000eb580000)
  from space 37376K, 17% used [0x00000000ef100000,0x00000000ef76fb10,0x00000000f1580000)
  to   space 60928K, 0% used [0x00000000eb580000,0x00000000eb580000,0x00000000ef100000)
 ParOldGen       total 298496K, used 142500K [0x00000000a0000000, 0x00000000b2380000, 0x00000000e0000000)
  object space 298496K, 47% used [0x00000000a0000000,0x00000000a8b292d8,0x00000000b2380000)
 Metaspace       used 90931K, capacity 94276K, committed 95232K, reserved 1132544K
  class space    used 11546K, capacity 12320K, committed 12544K, reserved 1048576K
Event: 8646.716 GC heap after
Heap after GC invocations=27 (full 4):
 PSYoungGen      total 246784K, used 4543K [0x00000000e0000000, 0x00000000f3f00000, 0x0000000100000000)
  eden space 185856K, 0% used [0x00000000e0000000,0x00000000e0000000,0x00000000eb580000)
  from space 60928K, 7% used [0x00000000eb580000,0x00000000eb9efe80,0x00000000ef100000)
  to   space 59904K, 0% used [0x00000000f0480000,0x00000000f0480000,0x00000000f3f00000)
 ParOldGen       total 298496K, used 149158K [0x00000000a0000000, 0x00000000b2380000, 0x00000000e0000000)
  object space 298496K, 49% used [0x00000000a0000000,0x00000000a91a9ae0,0x00000000b2380000)
 Metaspace       used 90931K, capacity 94276K, committed 95232K, reserved 1132544K
  class space    used 11546K, capacity 12320K, committed 12544K, reserved 1048576K
}
Event: 8647.866 GC heap before
{Heap before GC invocations=28 (full 4):
 PSYoungGen      total 246784K, used 190399K [0x00000000e0000000, 0x00000000f3f00000, 0x0000000100000000)
  eden space 185856K, 100% used [0x00000000e0000000,0x00000000eb580000,0x00000000eb580000)
  from space 60928K, 7% used [0x00000000eb580000,0x00000000eb9efe80,0x00000000ef100000)
  to   space 59904K, 0% used [0x00000000f0480000,0x00000000f0480000,0x00000000f3f00000)
 ParOldGen       total 298496K, used 149158K [0x00000000a0000000, 0x00000000b2380000, 0x00000000e0000000)
  object space 298496K, 49% used [0x00000000a0000000,0x00000000a91a9ae0,0x00000000b2380000)
 Metaspace       used 91287K, capacity 94752K, committed 95744K, reserved 1132544K
  class space    used 11554K, capacity 12334K, committed 12544K, reserved 1048576K
Event: 8647.894 GC heap after
Heap after GC invocations=28 (full 4):
 PSYoungGen      total 265728K, used 33738K [0x00000000e0000000, 0x00000000f4400000, 0x0000000100000000)
  eden space 205824K, 0% used [0x00000000e0000000,0x00000000e0000000,0x00000000ec900000)
  from space 59904K, 56% used [0x00000000f0480000,0x00000000f2572b88,0x00000000f3f00000)
  to   space 60928K, 0% used [0x00000000ec900000,0x00000000ec900000,0x00000000f0480000)
 ParOldGen       total 298496K, used 149166K [0x00000000a0000000, 0x00000000b2380000, 0x00000000e0000000)
  object space 298496K, 49% used [0x00000000a0000000,0x00000000a91abae0,0x00000000b2380000)
 Metaspace       used 91287K, capacity 94752K, committed 95744K, reserved 1132544K
  class space    used 11554K, capacity 12334K, committed 12544K, reserved 1048576K
}

