# JRE version: OpenJDK Runtime Environment (8.0_202-b03) (build 1.8.0_202-release-1483-b03)
# Java VM: OpenJDK 64-Bit Server VM (25.202-b03 mixed mode windows-amd64 compressed oops)
Heap:
 PSYoungGen      total 294912K, used 21082K [0x00000000e0000000, 0x00000000f5b00000, 0x0000000100000000)
  eden space 259584K, 0% used [0x00000000e0000000,0x00000000e0000000,0x00000000efd80000)
  from space 35328K, 59% used [0x00000000f2000000,0x00000000f3496998,0x00000000f4280000)
  to   space 35328K, 0% used [0x00000000efd80000,0x00000000efd80000,0x00000000f2000000)
 ParOldGen       total 136192K, used 66970K [0x00000000a0000000, 0x00000000a8500000, 0x00000000e0000000)
  object space 136192K, 49% used [0x00000000a0000000,0x00000000a4166808,0x00000000a8500000)
 Metaspace       used 94223K, capacity 98518K, committed 98600K, reserved 1134592K
  class space    used 12453K, capacity 13437K, committed 13480K, reserved 1048576K
GC Heap History (10 events):
Event: 24.049 GC heap before
{Heap before GC invocations=16 (full 3):
 PSYoungGen      total 179200K, used 160256K [0x00000000e0000000, 0x00000000ece00000, 0x0000000100000000)
  eden space 160256K, 100% used [0x00000000e0000000,0x00000000e9c80000,0x00000000e9c80000)
  from space 18944K, 0% used [0x00000000eaf00000,0x00000000eaf00000,0x00000000ec180000)
  to   space 18944K, 0% used [0x00000000e9c80000,0x00000000e9c80000,0x00000000eaf00000)
 ParOldGen       total 136192K, used 33418K [0x00000000a0000000, 0x00000000a8500000, 0x00000000e0000000)
  object space 136192K, 24% used [0x00000000a0000000,0x00000000a20a2b88,0x00000000a8500000)
 Metaspace       used 64061K, capacity 66968K, committed 67112K, reserved 1107968K
  class space    used 8776K, capacity 9407K, committed 9512K, reserved 1048576K
Event: 24.065 GC heap after
Heap after GC invocations=16 (full 3):
 PSYoungGen      total 179200K, used 13167K [0x00000000e0000000, 0x00000000ee200000, 0x0000000100000000)
  eden space 160256K, 0% used [0x00000000e0000000,0x00000000e0000000,0x00000000e9c80000)
  from space 18944K, 69% used [0x00000000e9c80000,0x00000000ea95bef8,0x00000000eaf00000)
  to   space 19456K, 0% used [0x00000000ecf00000,0x00000000ecf00000,0x00000000ee200000)
 ParOldGen       total 136192K, used 33426K [0x00000000a0000000, 0x00000000a8500000, 0x00000000e0000000)
  object space 136192K, 24% used [0x00000000a0000000,0x00000000a20a4b88,0x00000000a8500000)
 Metaspace       used 64061K, capacity 66968K, committed 67112K, reserved 1107968K
  class space    used 8776K, capacity 9407K, committed 9512K, reserved 1048576K
}
Event: 179.419 GC heap before
{Heap before GC invocations=17 (full 3):
 PSYoungGen      total 179200K, used 173423K [0x00000000e0000000, 0x00000000ee200000, 0x0000000100000000)
  eden space 160256K, 100% used [0x00000000e0000000,0x00000000e9c80000,0x00000000e9c80000)
  from space 18944K, 69% used [0x00000000e9c80000,0x00000000ea95bef8,0x00000000eaf00000)
  to   space 19456K, 0% used [0x00000000ecf00000,0x00000000ecf00000,0x00000000ee200000)
 ParOldGen       total 136192K, used 33426K [0x00000000a0000000, 0x00000000a8500000, 0x00000000e0000000)
  object space 136192K, 24% used [0x00000000a0000000,0x00000000a20a4b88,0x00000000a8500000)
 Metaspace       used 73896K, capacity 77242K, committed 77480K, reserved 1116160K
  class space    used 9802K, capacity 10570K, committed 10664K, reserved 1048576K
Event: 179.441 GC heap after
Heap after GC invocations=17 (full 3):
 PSYoungGen      total 206336K, used 19428K [0x00000000e0000000, 0x00000000ee480000, 0x0000000100000000)
  eden space 186880K, 0% used [0x00000000e0000000,0x00000000e0000000,0x00000000eb680000)
  from space 19456K, 99% used [0x00000000ecf00000,0x00000000ee1f9368,0x00000000ee200000)
  to   space 23552K, 0% used [0x00000000eb680000,0x00000000eb680000,0x00000000ecd80000)
 ParOldGen       total 136192K, used 37204K [0x00000000a0000000, 0x00000000a8500000, 0x00000000e0000000)
  object space 136192K, 27% used [0x00000000a0000000,0x00000000a2455110,0x00000000a8500000)
 Metaspace       used 73896K, capacity 77242K, committed 77480K, reserved 1116160K
  class space    used 9802K, capacity 10570K, committed 10664K, reserved 1048576K
}
Event: 181.206 GC heap before
{Heap before GC invocations=18 (full 3):
 PSYoungGen      total 206336K, used 206308K [0x00000000e0000000, 0x00000000ee480000, 0x0000000100000000)
  eden space 186880K, 100% used [0x00000000e0000000,0x00000000eb680000,0x00000000eb680000)
  from space 19456K, 99% used [0x00000000ecf00000,0x00000000ee1f9368,0x00000000ee200000)
  to   space 23552K, 0% used [0x00000000eb680000,0x00000000eb680000,0x00000000ecd80000)
 ParOldGen       total 136192K, used 37204K [0x00000000a0000000, 0x00000000a8500000, 0x00000000e0000000)
  object space 136192K, 27% used [0x00000000a0000000,0x00000000a2455110,0x00000000a8500000)
 Metaspace       used 82830K, capacity 86876K, committed 87080K, reserved 1124352K
  class space    used 11059K, capacity 11972K, committed 12072K, reserved 1048576K
Event: 181.240 GC heap after
Heap after GC invocations=18 (full 3):
 PSYoungGen      total 210432K, used 23546K [0x00000000e0000000, 0x00000000f1a00000, 0x0000000100000000)
  eden space 186880K, 0% used [0x00000000e0000000,0x00000000e0000000,0x00000000eb680000)
  from space 23552K, 99% used [0x00000000eb680000,0x00000000ecd7e850,0x00000000ecd80000)
  to   space 30720K, 0% used [0x00000000efc00000,0x00000000efc00000,0x00000000f1a00000)
 ParOldGen       total 136192K, used 48178K [0x00000000a0000000, 0x00000000a8500000, 0x00000000e0000000)
  object space 136192K, 35% used [0x00000000a0000000,0x00000000a2f0c8b0,0x00000000a8500000)
 Metaspace       used 82830K, capacity 86876K, committed 87080K, reserved 1124352K
  class space    used 11059K, capacity 11972K, committed 12072K, reserved 1048576K
}
Event: 182.710 GC heap before
{Heap before GC invocations=19 (full 3):
 PSYoungGen      total 210432K, used 210426K [0x00000000e0000000, 0x00000000f1a00000, 0x0000000100000000)
  eden space 186880K, 100% used [0x00000000e0000000,0x00000000eb680000,0x00000000eb680000)
  from space 23552K, 99% used [0x00000000eb680000,0x00000000ecd7e850,0x00000000ecd80000)
  to   space 30720K, 0% used [0x00000000efc00000,0x00000000efc00000,0x00000000f1a00000)
 ParOldGen       total 136192K, used 48178K [0x00000000a0000000, 0x00000000a8500000, 0x00000000e0000000)
  object space 136192K, 35% used [0x00000000a0000000,0x00000000a2f0c8b0,0x00000000a8500000)
 Metaspace       used 88045K, capacity 92138K, committed 92328K, reserved 1128448K
  class space    used 11704K, capacity 12631K, committed 12712K, reserved 1048576K
Event: 182.733 GC heap after
Heap after GC invocations=19 (full 3):
 PSYoungGen      total 256000K, used 23492K [0x00000000e0000000, 0x00000000f2180000, 0x0000000100000000)
  eden space 225280K, 0% used [0x00000000e0000000,0x00000000e0000000,0x00000000edc00000)
  from space 30720K, 76% used [0x00000000efc00000,0x00000000f12f1308,0x00000000f1a00000)
  to   space 32768K, 0% used [0x00000000edc00000,0x00000000edc00000,0x00000000efc00000)
 ParOldGen       total 136192K, used 66946K [0x00000000a0000000, 0x00000000a8500000, 0x00000000e0000000)
  object space 136192K, 49% used [0x00000000a0000000,0x00000000a4160808,0x00000000a8500000)
 Metaspace       used 88045K, capacity 92138K, committed 92328K, reserved 1128448K
  class space    used 11704K, capacity 12631K, committed 12712K, reserved 1048576K
}
Event: 185.059 GC heap before
{Heap before GC invocations=20 (full 3):
 PSYoungGen      total 256000K, used 248772K [0x00000000e0000000, 0x00000000f2180000, 0x0000000100000000)
  eden space 225280K, 100% used [0x00000000e0000000,0x00000000edc00000,0x00000000edc00000)
  from space 30720K, 76% used [0x00000000efc00000,0x00000000f12f1308,0x00000000f1a00000)
  to   space 32768K, 0% used [0x00000000edc00000,0x00000000edc00000,0x00000000efc00000)
 ParOldGen       total 136192K, used 66946K [0x00000000a0000000, 0x00000000a8500000, 0x00000000e0000000)
  object space 136192K, 49% used [0x00000000a0000000,0x00000000a4160808,0x00000000a8500000)
 Metaspace       used 92530K, capacity 96816K, committed 96936K, reserved 1132544K
  class space    used 12227K, capacity 13194K, committed 13224K, reserved 1048576K
Event: 185.079 GC heap after
Heap after GC invocations=20 (full 3):
 PSYoungGen      total 258048K, used 25404K [0x00000000e0000000, 0x00000000f4280000, 0x0000000100000000)
  eden space 225280K, 0% used [0x00000000e0000000,0x00000000e0000000,0x00000000edc00000)
  from space 32768K, 77% used [0x00000000edc00000,0x00000000ef4cf3b8,0x00000000efc00000)
  to   space 35328K, 0% used [0x00000000f2000000,0x00000000f2000000,0x00000000f4280000)
 ParOldGen       total 136192K, used 66962K [0x00000000a0000000, 0x00000000a8500000, 0x00000000e0000000)
  object space 136192K, 49% used [0x00000000a0000000,0x00000000a4164808,0x00000000a8500000)
 Metaspace       used 92530K, capacity 96816K, committed 96936K, reserved 1132544K
  class space    used 12227K, capacity 13194K, committed 13224K, reserved 1048576K
}

