# JRE version: OpenJDK Runtime Environment (8.0_202-b03) (build 1.8.0_202-release-1483-b03)
# Java VM: OpenJDK 64-Bit Server VM (25.202-b03 mixed mode windows-amd64 compressed oops)
Heap:
 PSYoungGen      total 239104K, used 166072K [0x00000000e0000000, 0x00000000f2100000, 0x0000000100000000)
  eden space 227840K, 68% used [0x00000000e0000000,0x00000000e97a47b8,0x00000000ede80000)
  from space 11264K, 95% used [0x00000000f1600000,0x00000000f2089988,0x00000000f2100000)
  to   space 29696K, 0% used [0x00000000ee700000,0x00000000ee700000,0x00000000f0400000)
 ParOldGen       total 124928K, used 49190K [0x00000000a0000000, 0x00000000a7a00000, 0x00000000e0000000)
  object space 124928K, 39% used [0x00000000a0000000,0x00000000a3009a78,0x00000000a7a00000)
 Metaspace       used 89073K, capacity 93538K, committed 93656K, reserved 1130496K
  class space    used 11557K, capacity 12472K, committed 12544K, reserved 1048576K
GC Heap History (10 events):
Event: 40.121 GC heap before
{Heap before GC invocations=17 (full 3):
 PSYoungGen      total 190464K, used 189635K [0x00000000e0000000, 0x00000000efa00000, 0x0000000100000000)
  eden space 171008K, 100% used [0x00000000e0000000,0x00000000ea700000,0x00000000ea700000)
  from space 19456K, 95% used [0x00000000ea700000,0x00000000eb930dc8,0x00000000eba00000)
  to   space 22016K, 0% used [0x00000000ee480000,0x00000000ee480000,0x00000000efa00000)
 ParOldGen       total 124928K, used 29142K [0x00000000a0000000, 0x00000000a7a00000, 0x00000000e0000000)
  object space 124928K, 23% used [0x00000000a0000000,0x00000000a1c75b60,0x00000000a7a00000)
 Metaspace       used 74275K, capacity 76940K, committed 77272K, reserved 1116160K
  class space    used 9789K, capacity 10444K, committed 10496K, reserved 1048576K
Event: 40.138 GC heap after
Heap after GC invocations=17 (full 3):
 PSYoungGen      total 228864K, used 21985K [0x00000000e0000000, 0x00000000efe00000, 0x0000000100000000)
  eden space 206848K, 0% used [0x00000000e0000000,0x00000000e0000000,0x00000000eca00000)
  from space 22016K, 99% used [0x00000000ee480000,0x00000000ef9f8500,0x00000000efa00000)
  to   space 26624K, 0% used [0x00000000eca00000,0x00000000eca00000,0x00000000ee400000)
 ParOldGen       total 124928K, used 33375K [0x00000000a0000000, 0x00000000a7a00000, 0x00000000e0000000)
  object space 124928K, 26% used [0x00000000a0000000,0x00000000a2097ea8,0x00000000a7a00000)
 Metaspace       used 74275K, capacity 76940K, committed 77272K, reserved 1116160K
  class space    used 9789K, capacity 10444K, committed 10496K, reserved 1048576K
}
Event: 71.717 GC heap before
{Heap before GC invocations=18 (full 3):
 PSYoungGen      total 228864K, used 228833K [0x00000000e0000000, 0x00000000efe00000, 0x0000000100000000)
  eden space 206848K, 100% used [0x00000000e0000000,0x00000000eca00000,0x00000000eca00000)
  from space 22016K, 99% used [0x00000000ee480000,0x00000000ef9f8500,0x00000000efa00000)
  to   space 26624K, 0% used [0x00000000eca00000,0x00000000eca00000,0x00000000ee400000)
 ParOldGen       total 124928K, used 33375K [0x00000000a0000000, 0x00000000a7a00000, 0x00000000e0000000)
  object space 124928K, 26% used [0x00000000a0000000,0x00000000a2097ea8,0x00000000a7a00000)
 Metaspace       used 79647K, capacity 82536K, committed 82648K, reserved 1120256K
  class space    used 10286K, capacity 10984K, committed 11008K, reserved 1048576K
Event: 71.737 GC heap after
Heap after GC invocations=18 (full 3):
 PSYoungGen      total 233472K, used 19081K [0x00000000e0000000, 0x00000000f2400000, 0x0000000100000000)
  eden space 206848K, 0% used [0x00000000e0000000,0x00000000e0000000,0x00000000eca00000)
  from space 26624K, 71% used [0x00000000eca00000,0x00000000edca2570,0x00000000ee400000)
  to   space 28160K, 0% used [0x00000000f0880000,0x00000000f0880000,0x00000000f2400000)
 ParOldGen       total 124928K, used 49166K [0x00000000a0000000, 0x00000000a7a00000, 0x00000000e0000000)
  object space 124928K, 39% used [0x00000000a0000000,0x00000000a3003a78,0x00000000a7a00000)
 Metaspace       used 79647K, capacity 82536K, committed 82648K, reserved 1120256K
  class space    used 10286K, capacity 10984K, committed 11008K, reserved 1048576K
}
Event: 129.565 GC heap before
{Heap before GC invocations=19 (full 3):
 PSYoungGen      total 233472K, used 225929K [0x00000000e0000000, 0x00000000f2400000, 0x0000000100000000)
  eden space 206848K, 100% used [0x00000000e0000000,0x00000000eca00000,0x00000000eca00000)
  from space 26624K, 71% used [0x00000000eca00000,0x00000000edca2570,0x00000000ee400000)
  to   space 28160K, 0% used [0x00000000f0880000,0x00000000f0880000,0x00000000f2400000)
 ParOldGen       total 124928K, used 49166K [0x00000000a0000000, 0x00000000a7a00000, 0x00000000e0000000)
  object space 124928K, 39% used [0x00000000a0000000,0x00000000a3003a78,0x00000000a7a00000)
 Metaspace       used 82521K, capacity 85850K, committed 85976K, reserved 1124352K
  class space    used 10714K, capacity 11463K, committed 11520K, reserved 1048576K
Event: 129.583 GC heap after
Heap after GC invocations=19 (full 3):
 PSYoungGen      total 260608K, used 20438K [0x00000000e0000000, 0x00000000f2080000, 0x0000000100000000)
  eden space 236032K, 0% used [0x00000000e0000000,0x00000000e0000000,0x00000000ee680000)
  from space 24576K, 83% used [0x00000000f0880000,0x00000000f1c759f0,0x00000000f2080000)
  to   space 29696K, 0% used [0x00000000ee680000,0x00000000ee680000,0x00000000f0380000)
 ParOldGen       total 124928K, used 49174K [0x00000000a0000000, 0x00000000a7a00000, 0x00000000e0000000)
  object space 124928K, 39% used [0x00000000a0000000,0x00000000a3005a78,0x00000000a7a00000)
 Metaspace       used 82521K, capacity 85850K, committed 85976K, reserved 1124352K
  class space    used 10714K, capacity 11463K, committed 11520K, reserved 1048576K
}
Event: 218.384 GC heap before
{Heap before GC invocations=20 (full 3):
 PSYoungGen      total 260608K, used 256470K [0x00000000e0000000, 0x00000000f2080000, 0x0000000100000000)
  eden space 236032K, 100% used [0x00000000e0000000,0x00000000ee680000,0x00000000ee680000)
  from space 24576K, 83% used [0x00000000f0880000,0x00000000f1c759f0,0x00000000f2080000)
  to   space 29696K, 0% used [0x00000000ee680000,0x00000000ee680000,0x00000000f0380000)
 ParOldGen       total 124928K, used 49174K [0x00000000a0000000, 0x00000000a7a00000, 0x00000000e0000000)
  object space 124928K, 39% used [0x00000000a0000000,0x00000000a3005a78,0x00000000a7a00000)
 Metaspace       used 85992K, capacity 89746K, committed 89816K, reserved 1126400K
  class space    used 11157K, capacity 11985K, committed 12032K, reserved 1048576K
Event: 218.398 GC heap after
Heap after GC invocations=20 (full 3):
 PSYoungGen      total 265728K, used 20178K [0x00000000e0000000, 0x00000000f3400000, 0x0000000100000000)
  eden space 236032K, 0% used [0x00000000e0000000,0x00000000e0000000,0x00000000ee680000)
  from space 29696K, 67% used [0x00000000ee680000,0x00000000efa348e8,0x00000000f0380000)
  to   space 30720K, 0% used [0x00000000f1600000,0x00000000f1600000,0x00000000f3400000)
 ParOldGen       total 124928K, used 49182K [0x00000000a0000000, 0x00000000a7a00000, 0x00000000e0000000)
  object space 124928K, 39% used [0x00000000a0000000,0x00000000a3007a78,0x00000000a7a00000)
 Metaspace       used 85992K, capacity 89746K, committed 89816K, reserved 1126400K
  class space    used 11157K, capacity 11985K, committed 12032K, reserved 1048576K
}
Event: 6525.617 GC heap before
{Heap before GC invocations=21 (full 3):
 PSYoungGen      total 265728K, used 256210K [0x00000000e0000000, 0x00000000f3400000, 0x0000000100000000)
  eden space 236032K, 100% used [0x00000000e0000000,0x00000000ee680000,0x00000000ee680000)
  from space 29696K, 67% used [0x00000000ee680000,0x00000000efa348e8,0x00000000f0380000)
  to   space 30720K, 0% used [0x00000000f1600000,0x00000000f1600000,0x00000000f3400000)
 ParOldGen       total 124928K, used 49182K [0x00000000a0000000, 0x00000000a7a00000, 0x00000000e0000000)
  object space 124928K, 39% used [0x00000000a0000000,0x00000000a3007a78,0x00000000a7a00000)
 Metaspace       used 86960K, capacity 91036K, committed 91224K, reserved 1128448K
  class space    used 11260K, capacity 12158K, committed 12160K, reserved 1048576K
Event: 6525.644 GC heap after
Heap after GC invocations=21 (full 3):
 PSYoungGen      total 239104K, used 10790K [0x00000000e0000000, 0x00000000f2100000, 0x0000000100000000)
  eden space 227840K, 0% used [0x00000000e0000000,0x00000000e0000000,0x00000000ede80000)
  from space 11264K, 95% used [0x00000000f1600000,0x00000000f2089988,0x00000000f2100000)
  to   space 29696K, 0% used [0x00000000ee700000,0x00000000ee700000,0x00000000f0400000)
 ParOldGen       total 124928K, used 49190K [0x00000000a0000000, 0x00000000a7a00000, 0x00000000e0000000)
  object space 124928K, 39% used [0x00000000a0000000,0x00000000a3009a78,0x00000000a7a00000)
 Metaspace       used 86960K, capacity 91036K, committed 91224K, reserved 1128448K
  class space    used 11260K, capacity 12158K, committed 12160K, reserved 1048576K
}

