# JRE version: OpenJDK Runtime Environment (8.0_202-b03) (build 1.8.0_202-release-1483-b03)
# Java VM: OpenJDK 64-Bit Server VM (25.202-b03 mixed mode windows-amd64 compressed oops)
Heap:
 PSYoungGen      total 409088K, used 326891K [0x00000000e0000000, 0x0000000100000000, 0x0000000100000000)
  eden space 288256K, 99% used [0x00000000e0000000,0x00000000f1906548,0x00000000f1980000)
  from space 120832K, 32% used [0x00000000f8a00000,0x00000000fb0349e8,0x0000000100000000)
  to   space 115200K, 51% used [0x00000000f1980000,0x00000000f53b9c58,0x00000000f8a00000)
 ParOldGen       total 790528K, used 498886K [0x00000000a0000000, 0x00000000d0400000, 0x00000000e0000000)
  object space 790528K, 63% used [0x00000000a0000000,0x00000000be731848,0x00000000d0400000)
 Metaspace       used 140004K, capacity 147710K, committed 166872K, reserved 1193984K
  class space    used 16722K, capacity 18200K, committed 21760K, reserved 1048576K
GC Heap History (10 events):
Event: 20687.645 GC heap after
Heap after GC invocations=73 (full 8):
 PSYoungGen      total 388096K, used 83489K [0x00000000e0000000, 0x0000000100000000, 0x0000000100000000)
  eden space 281088K, 0% used [0x00000000e0000000,0x00000000e0000000,0x00000000f1280000)
  from space 107008K, 78% used [0x00000000f1280000,0x00000000f6408710,0x00000000f7b00000)
  to   space 115712K, 0% used [0x00000000f8f00000,0x00000000f8f00000,0x0000000100000000)
 ParOldGen       total 732672K, used 632178K [0x00000000a0000000, 0x00000000ccb80000, 0x00000000e0000000)
  object space 732672K, 86% used [0x00000000a0000000,0x00000000c695ca70,0x00000000ccb80000)
 Metaspace       used 142955K, capacity 150884K, committed 166872K, reserved 1193984K
  class space    used 16876K, capacity 18409K, committed 21760K, reserved 1048576K
}
Event: 21052.705 GC heap before
{Heap before GC invocations=74 (full 8):
 PSYoungGen      total 388096K, used 364564K [0x00000000e0000000, 0x0000000100000000, 0x0000000100000000)
  eden space 281088K, 99% used [0x00000000e0000000,0x00000000f127cbe0,0x00000000f1280000)
  from space 107008K, 78% used [0x00000000f1280000,0x00000000f6408710,0x00000000f7b00000)
  to   space 115712K, 0% used [0x00000000f8f00000,0x00000000f8f00000,0x0000000100000000)
 ParOldGen       total 732672K, used 632178K [0x00000000a0000000, 0x00000000ccb80000, 0x00000000e0000000)
  object space 732672K, 86% used [0x00000000a0000000,0x00000000c695ca70,0x00000000ccb80000)
 Metaspace       used 143039K, capacity 150984K, committed 166872K, reserved 1193984K
  class space    used 16879K, capacity 18413K, committed 21760K, reserved 1048576K
Event: 21052.749 GC heap after
Heap after GC invocations=74 (full 8):
 PSYoungGen      total 410112K, used 14729K [0x00000000e0000000, 0x0000000100000000, 0x0000000100000000)
  eden space 294400K, 0% used [0x00000000e0000000,0x00000000e0000000,0x00000000f1f80000)
  from space 115712K, 12% used [0x00000000f8f00000,0x00000000f9d624e8,0x0000000100000000)
  to   space 114176K, 0% used [0x00000000f1f80000,0x00000000f1f80000,0x00000000f8f00000)
 ParOldGen       total 732672K, used 704409K [0x00000000a0000000, 0x00000000ccb80000, 0x00000000e0000000)
  object space 732672K, 96% used [0x00000000a0000000,0x00000000cafe6478,0x00000000ccb80000)
 Metaspace       used 143039K, capacity 150984K, committed 166872K, reserved 1193984K
  class space    used 16879K, capacity 18413K, committed 21760K, reserved 1048576K
}
Event: 21052.749 GC heap before
{Heap before GC invocations=75 (full 9):
 PSYoungGen      total 410112K, used 14729K [0x00000000e0000000, 0x0000000100000000, 0x0000000100000000)
  eden space 294400K, 0% used [0x00000000e0000000,0x00000000e0000000,0x00000000f1f80000)
  from space 115712K, 12% used [0x00000000f8f00000,0x00000000f9d624e8,0x0000000100000000)
  to   space 114176K, 0% used [0x00000000f1f80000,0x00000000f1f80000,0x00000000f8f00000)
 ParOldGen       total 732672K, used 704409K [0x00000000a0000000, 0x00000000ccb80000, 0x00000000e0000000)
  object space 732672K, 96% used [0x00000000a0000000,0x00000000cafe6478,0x00000000ccb80000)
 Metaspace       used 143039K, capacity 150984K, committed 166872K, reserved 1193984K
  class space    used 16879K, capacity 18413K, committed 21760K, reserved 1048576K
Event: 21054.355 GC heap after
Heap after GC invocations=75 (full 9):
 PSYoungGen      total 410112K, used 0K [0x00000000e0000000, 0x0000000100000000, 0x0000000100000000)
  eden space 294400K, 0% used [0x00000000e0000000,0x00000000e0000000,0x00000000f1f80000)
  from space 115712K, 0% used [0x00000000f8f00000,0x00000000f8f00000,0x0000000100000000)
  to   space 114176K, 0% used [0x00000000f1f80000,0x00000000f1f80000,0x00000000f8f00000)
 ParOldGen       total 790528K, used 393970K [0x00000000a0000000, 0x00000000d0400000, 0x00000000e0000000)
  object space 790528K, 49% used [0x00000000a0000000,0x00000000b80bcb90,0x00000000d0400000)
 Metaspace       used 136867K, capacity 144574K, committed 166872K, reserved 1193984K
  class space    used 16568K, capacity 17990K, committed 21760K, reserved 1048576K
}
Event: 21056.881 GC heap before
{Heap before GC invocations=76 (full 9):
 PSYoungGen      total 410112K, used 294400K [0x00000000e0000000, 0x0000000100000000, 0x0000000100000000)
  eden space 294400K, 100% used [0x00000000e0000000,0x00000000f1f80000,0x00000000f1f80000)
  from space 115712K, 0% used [0x00000000f8f00000,0x00000000f8f00000,0x0000000100000000)
  to   space 114176K, 0% used [0x00000000f1f80000,0x00000000f1f80000,0x00000000f8f00000)
 ParOldGen       total 790528K, used 393970K [0x00000000a0000000, 0x00000000d0400000, 0x00000000e0000000)
  object space 790528K, 49% used [0x00000000a0000000,0x00000000b80bcb90,0x00000000d0400000)
 Metaspace       used 138395K, capacity 146082K, committed 166872K, reserved 1193984K
  class space    used 16642K, capacity 18090K, committed 21760K, reserved 1048576K
Event: 21056.921 GC heap after
Heap after GC invocations=76 (full 9):
 PSYoungGen      total 375296K, used 80817K [0x00000000e0000000, 0x0000000100000000, 0x0000000100000000)
  eden space 294400K, 0% used [0x00000000e0000000,0x00000000e0000000,0x00000000f1f80000)
  from space 80896K, 99% used [0x00000000f1f80000,0x00000000f6e6c658,0x00000000f6e80000)
  to   space 120832K, 0% used [0x00000000f8a00000,0x00000000f8a00000,0x0000000100000000)
 ParOldGen       total 790528K, used 393978K [0x00000000a0000000, 0x00000000d0400000, 0x00000000e0000000)
  object space 790528K, 49% used [0x00000000a0000000,0x00000000b80beb90,0x00000000d0400000)
 Metaspace       used 138395K, capacity 146082K, committed 166872K, reserved 1193984K
  class space    used 16642K, capacity 18090K, committed 21760K, reserved 1048576K
}
Event: 21235.227 GC heap before
{Heap before GC invocations=77 (full 9):
 PSYoungGen      total 375296K, used 375217K [0x00000000e0000000, 0x0000000100000000, 0x0000000100000000)
  eden space 294400K, 100% used [0x00000000e0000000,0x00000000f1f80000,0x00000000f1f80000)
  from space 80896K, 99% used [0x00000000f1f80000,0x00000000f6e6c658,0x00000000f6e80000)
  to   space 120832K, 0% used [0x00000000f8a00000,0x00000000f8a00000,0x0000000100000000)
 ParOldGen       total 790528K, used 393978K [0x00000000a0000000, 0x00000000d0400000, 0x00000000e0000000)
  object space 790528K, 49% used [0x00000000a0000000,0x00000000b80beb90,0x00000000d0400000)
 Metaspace       used 138470K, capacity 146190K, committed 166872K, reserved 1193984K
  class space    used 16647K, capacity 18098K, committed 21760K, reserved 1048576K
Event: 21235.272 GC heap after
Heap after GC invocations=77 (full 9):
 PSYoungGen      total 409088K, used 39122K [0x00000000e0000000, 0x0000000100000000, 0x0000000100000000)
  eden space 288256K, 0% used [0x00000000e0000000,0x00000000e0000000,0x00000000f1980000)
  from space 120832K, 32% used [0x00000000f8a00000,0x00000000fb0349e8,0x0000000100000000)
  to   space 115200K, 0% used [0x00000000f1980000,0x00000000f1980000,0x00000000f8a00000)
 ParOldGen       total 790528K, used 467532K [0x00000000a0000000, 0x00000000d0400000, 0x00000000e0000000)
  object space 790528K, 59% used [0x00000000a0000000,0x00000000bc893278,0x00000000d0400000)
 Metaspace       used 138470K, capacity 146190K, committed 166872K, reserved 1193984K
  class space    used 16647K, capacity 18098K, committed 21760K, reserved 1048576K
}
Event: 21238.175 GC heap before
{Heap before GC invocations=78 (full 9):
 PSYoungGen      total 409088K, used 326891K [0x00000000e0000000, 0x0000000100000000, 0x0000000100000000)
  eden space 288256K, 99% used [0x00000000e0000000,0x00000000f1906548,0x00000000f1980000)
  from space 120832K, 32% used [0x00000000f8a00000,0x00000000fb0349e8,0x0000000100000000)
  to   space 115200K, 0% used [0x00000000f1980000,0x00000000f1980000,0x00000000f8a00000)
 ParOldGen       total 790528K, used 467532K [0x00000000a0000000, 0x00000000d0400000, 0x00000000e0000000)
  object space 790528K, 59% used [0x00000000a0000000,0x00000000bc893278,0x00000000d0400000)
 Metaspace       used 140004K, capacity 147710K, committed 166872K, reserved 1193984K
  class space    used 16722K, capacity 18200K, committed 21760K, reserved 1048576K

