# JRE version: OpenJDK Runtime Environment (8.0_202-b03) (build 1.8.0_202-release-1483-b03)
# Java VM: OpenJDK 64-Bit Server VM (25.202-b03 mixed mode windows-amd64 compressed oops)
Heap:
 PSYoungGen      total 82944K, used 32160K [0x00000000e0000000, 0x00000000e7c00000, 0x0000000100000000)
  eden space 72192K, 44% used [0x00000000e0000000,0x00000000e1f68000,0x00000000e4680000)
  from space 10752K, 0% used [0x00000000e4680000,0x00000000e4680000,0x00000000e5100000)
  to   space 10752K, 0% used [0x00000000e7180000,0x00000000e7180000,0x00000000e7c00000)
 ParOldGen       total 91648K, used 16554K [0x00000000a0000000, 0x00000000a5980000, 0x00000000e0000000)
  object space 91648K, 18% used [0x00000000a0000000,0x00000000a102ab78,0x00000000a5980000)
 Metaspace       used 36423K, capacity 37688K, committed 37928K, reserved 1081344K
  class space    used 4995K, capacity 5310K, committed 5416K, reserved 1048576K
GC Heap History (10 events):
Event: 8.568 GC heap before
{Heap before GC invocations=9 (full 1):
 PSYoungGen      total 42496K, used 36124K [0x00000000e0000000, 0x00000000e4680000, 0x0000000100000000)
  eden space 31744K, 100% used [0x00000000e0000000,0x00000000e1f00000,0x00000000e1f00000)
  from space 10752K, 40% used [0x00000000e1f00000,0x00000000e23471a0,0x00000000e2980000)
  to   space 10752K, 0% used [0x00000000e3c00000,0x00000000e3c00000,0x00000000e4680000)
 ParOldGen       total 61440K, used 11426K [0x00000000a0000000, 0x00000000a3c00000, 0x00000000e0000000)
  object space 61440K, 18% used [0x00000000a0000000,0x00000000a0b28858,0x00000000a3c00000)
 Metaspace       used 28209K, capacity 28778K, committed 28928K, reserved 1075200K
  class space    used 3878K, capacity 4062K, committed 4096K, reserved 1048576K
Event: 8.572 GC heap after
Heap after GC invocations=9 (full 1):
 PSYoungGen      total 61952K, used 5487K [0x00000000e0000000, 0x00000000e4680000, 0x0000000100000000)
  eden space 51200K, 0% used [0x00000000e0000000,0x00000000e0000000,0x00000000e3200000)
  from space 10752K, 51% used [0x00000000e3c00000,0x00000000e415bcf0,0x00000000e4680000)
  to   space 10240K, 0% used [0x00000000e3200000,0x00000000e3200000,0x00000000e3c00000)
 ParOldGen       total 61440K, used 11434K [0x00000000a0000000, 0x00000000a3c00000, 0x00000000e0000000)
  object space 61440K, 18% used [0x00000000a0000000,0x00000000a0b2a858,0x00000000a3c00000)
 Metaspace       used 28209K, capacity 28778K, committed 28928K, reserved 1075200K
  class space    used 3878K, capacity 4062K, committed 4096K, reserved 1048576K
}
Event: 9.319 GC heap before
{Heap before GC invocations=10 (full 1):
 PSYoungGen      total 61952K, used 56687K [0x00000000e0000000, 0x00000000e4680000, 0x0000000100000000)
  eden space 51200K, 100% used [0x00000000e0000000,0x00000000e3200000,0x00000000e3200000)
  from space 10752K, 51% used [0x00000000e3c00000,0x00000000e415bcf0,0x00000000e4680000)
  to   space 10240K, 0% used [0x00000000e3200000,0x00000000e3200000,0x00000000e3c00000)
 ParOldGen       total 61440K, used 11434K [0x00000000a0000000, 0x00000000a3c00000, 0x00000000e0000000)
  object space 61440K, 18% used [0x00000000a0000000,0x00000000a0b2a858,0x00000000a3c00000)
 Metaspace       used 31110K, capacity 31706K, committed 32000K, reserved 1077248K
  class space    used 4340K, capacity 4557K, committed 4608K, reserved 1048576K
Event: 9.332 GC heap after
Heap after GC invocations=10 (full 1):
 PSYoungGen      total 61440K, used 8064K [0x00000000e0000000, 0x00000000e5b80000, 0x0000000100000000)
  eden space 51200K, 0% used [0x00000000e0000000,0x00000000e0000000,0x00000000e3200000)
  from space 10240K, 78% used [0x00000000e3200000,0x00000000e39e01c8,0x00000000e3c00000)
  to   space 10752K, 0% used [0x00000000e5100000,0x00000000e5100000,0x00000000e5b80000)
 ParOldGen       total 61440K, used 11442K [0x00000000a0000000, 0x00000000a3c00000, 0x00000000e0000000)
  object space 61440K, 18% used [0x00000000a0000000,0x00000000a0b2c858,0x00000000a3c00000)
 Metaspace       used 31110K, capacity 31706K, committed 32000K, reserved 1077248K
  class space    used 4340K, capacity 4557K, committed 4608K, reserved 1048576K
}
Event: 10.028 GC heap before
{Heap before GC invocations=11 (full 1):
 PSYoungGen      total 61440K, used 59264K [0x00000000e0000000, 0x00000000e5b80000, 0x0000000100000000)
  eden space 51200K, 100% used [0x00000000e0000000,0x00000000e3200000,0x00000000e3200000)
  from space 10240K, 78% used [0x00000000e3200000,0x00000000e39e01c8,0x00000000e3c00000)
  to   space 10752K, 0% used [0x00000000e5100000,0x00000000e5100000,0x00000000e5b80000)
 ParOldGen       total 61440K, used 11442K [0x00000000a0000000, 0x00000000a3c00000, 0x00000000e0000000)
  object space 61440K, 18% used [0x00000000a0000000,0x00000000a0b2c858,0x00000000a3c00000)
 Metaspace       used 33878K, capacity 34866K, committed 35200K, reserved 1079296K
  class space    used 4695K, capacity 4913K, committed 4992K, reserved 1048576K
Event: 10.035 GC heap after
Heap after GC invocations=11 (full 1):
 PSYoungGen      total 82944K, used 7191K [0x00000000e0000000, 0x00000000e5b80000, 0x0000000100000000)
  eden space 72192K, 0% used [0x00000000e0000000,0x00000000e0000000,0x00000000e4680000)
  from space 10752K, 66% used [0x00000000e5100000,0x00000000e5805d30,0x00000000e5b80000)
  to   space 10752K, 0% used [0x00000000e4680000,0x00000000e4680000,0x00000000e5100000)
 ParOldGen       total 61440K, used 14376K [0x00000000a0000000, 0x00000000a3c00000, 0x00000000e0000000)
  object space 61440K, 23% used [0x00000000a0000000,0x00000000a0e0a3a8,0x00000000a3c00000)
 Metaspace       used 33878K, capacity 34866K, committed 35200K, reserved 1079296K
  class space    used 4695K, capacity 4913K, committed 4992K, reserved 1048576K
}
Event: 10.184 GC heap before
{Heap before GC invocations=12 (full 1):
 PSYoungGen      total 82944K, used 19675K [0x00000000e0000000, 0x00000000e5b80000, 0x0000000100000000)
  eden space 72192K, 17% used [0x00000000e0000000,0x00000000e0c312b8,0x00000000e4680000)
  from space 10752K, 66% used [0x00000000e5100000,0x00000000e5805d30,0x00000000e5b80000)
  to   space 10752K, 0% used [0x00000000e4680000,0x00000000e4680000,0x00000000e5100000)
 ParOldGen       total 61440K, used 14376K [0x00000000a0000000, 0x00000000a3c00000, 0x00000000e0000000)
  object space 61440K, 23% used [0x00000000a0000000,0x00000000a0e0a3a8,0x00000000a3c00000)
 Metaspace       used 34467K, capacity 35458K, committed 35496K, reserved 1079296K
  class space    used 4768K, capacity 5019K, committed 5032K, reserved 1048576K
Event: 10.189 GC heap after
Heap after GC invocations=12 (full 1):
 PSYoungGen      total 82944K, used 1399K [0x00000000e0000000, 0x00000000e7c00000, 0x0000000100000000)
  eden space 72192K, 0% used [0x00000000e0000000,0x00000000e0000000,0x00000000e4680000)
  from space 10752K, 13% used [0x00000000e4680000,0x00000000e47ddfa0,0x00000000e5100000)
  to   space 10752K, 0% used [0x00000000e7180000,0x00000000e7180000,0x00000000e7c00000)
 ParOldGen       total 61440K, used 19429K [0x00000000a0000000, 0x00000000a3c00000, 0x00000000e0000000)
  object space 61440K, 31% used [0x00000000a0000000,0x00000000a12f9468,0x00000000a3c00000)
 Metaspace       used 34467K, capacity 35458K, committed 35496K, reserved 1079296K
  class space    used 4768K, capacity 5019K, committed 5032K, reserved 1048576K
}
Event: 10.189 GC heap before
{Heap before GC invocations=13 (full 2):
 PSYoungGen      total 82944K, used 1399K [0x00000000e0000000, 0x00000000e7c00000, 0x0000000100000000)
  eden space 72192K, 0% used [0x00000000e0000000,0x00000000e0000000,0x00000000e4680000)
  from space 10752K, 13% used [0x00000000e4680000,0x00000000e47ddfa0,0x00000000e5100000)
  to   space 10752K, 0% used [0x00000000e7180000,0x00000000e7180000,0x00000000e7c00000)
 ParOldGen       total 61440K, used 19429K [0x00000000a0000000, 0x00000000a3c00000, 0x00000000e0000000)
  object space 61440K, 31% used [0x00000000a0000000,0x00000000a12f9468,0x00000000a3c00000)
 Metaspace       used 34467K, capacity 35458K, committed 35496K, reserved 1079296K
  class space    used 4768K, capacity 5019K, committed 5032K, reserved 1048576K
Event: 10.282 GC heap after
Heap after GC invocations=13 (full 2):
 PSYoungGen      total 82944K, used 0K [0x00000000e0000000, 0x00000000e7c00000, 0x0000000100000000)
  eden space 72192K, 0% used [0x00000000e0000000,0x00000000e0000000,0x00000000e4680000)
  from space 10752K, 0% used [0x00000000e4680000,0x00000000e4680000,0x00000000e5100000)
  to   space 10752K, 0% used [0x00000000e7180000,0x00000000e7180000,0x00000000e7c00000)
 ParOldGen       total 91648K, used 16554K [0x00000000a0000000, 0x00000000a5980000, 0x00000000e0000000)
  object space 91648K, 18% used [0x00000000a0000000,0x00000000a102ab78,0x00000000a5980000)
 Metaspace       used 34467K, capacity 35458K, committed 35496K, reserved 1079296K
  class space    used 4768K, capacity 5019K, committed 5032K, reserved 1048576K
}

