# JRE version: OpenJDK Runtime Environment (8.0_202-b03) (build 1.8.0_202-release-1483-b03)
# Java VM: OpenJDK 64-Bit Server VM (25.202-b03 mixed mode windows-amd64 compressed oops)
Heap:
 PSYoungGen      total 166912K, used 145549K [0x00000000e0000000, 0x00000000ecf00000, 0x0000000100000000)
  eden space 147968K, 89% used [0x00000000e0000000,0x00000000e81b79c0,0x00000000e9080000)
  from space 18944K, 67% used [0x00000000e9080000,0x00000000e9cebb78,0x00000000ea300000)
  to   space 19456K, 0% used [0x00000000ebc00000,0x00000000ebc00000,0x00000000ecf00000)
 ParOldGen       total 147456K, used 29159K [0x00000000a0000000, 0x00000000a9000000, 0x00000000e0000000)
  object space 147456K, 19% used [0x00000000a0000000,0x00000000a1c79f00,0x00000000a9000000)
 Metaspace       used 67241K, capacity 70104K, committed 70440K, reserved 1110016K
  class space    used 9070K, capacity 9651K, committed 9768K, reserved 1048576K
GC Heap History (10 events):
Event: 8.402 GC heap before
{Heap before GC invocations=12 (full 2):
 PSYoungGen      total 114176K, used 102906K [0x00000000e0000000, 0x00000000ea000000, 0x0000000100000000)
  eden space 102912K, 99% used [0x00000000e0000000,0x00000000e647eb08,0x00000000e6480000)
  from space 11264K, 0% used [0x00000000e6480000,0x00000000e6480000,0x00000000e6f80000)
  to   space 11776K, 0% used [0x00000000e9480000,0x00000000e9480000,0x00000000ea000000)
 ParOldGen       total 99840K, used 16871K [0x00000000a0000000, 0x00000000a6180000, 0x00000000e0000000)
  object space 99840K, 16% used [0x00000000a0000000,0x00000000a1079db8,0x00000000a6180000)
 Metaspace       used 45670K, capacity 47025K, committed 47400K, reserved 1089536K
  class space    used 6093K, capacity 6364K, committed 6440K, reserved 1048576K
Event: 8.415 GC heap after
Heap after GC invocations=12 (full 2):
 PSYoungGen      total 135168K, used 11774K [0x00000000e0000000, 0x00000000ea000000, 0x0000000100000000)
  eden space 123392K, 0% used [0x00000000e0000000,0x00000000e0000000,0x00000000e7880000)
  from space 11776K, 99% used [0x00000000e9480000,0x00000000e9fff998,0x00000000ea000000)
  to   space 14336K, 0% used [0x00000000e8400000,0x00000000e8400000,0x00000000e9200000)
 ParOldGen       total 99840K, used 19767K [0x00000000a0000000, 0x00000000a6180000, 0x00000000e0000000)
  object space 99840K, 19% used [0x00000000a0000000,0x00000000a134dea0,0x00000000a6180000)
 Metaspace       used 45670K, capacity 47025K, committed 47400K, reserved 1089536K
  class space    used 6093K, capacity 6364K, committed 6440K, reserved 1048576K
}
Event: 10.360 GC heap before
{Heap before GC invocations=13 (full 2):
 PSYoungGen      total 135168K, used 135166K [0x00000000e0000000, 0x00000000ea000000, 0x0000000100000000)
  eden space 123392K, 100% used [0x00000000e0000000,0x00000000e7880000,0x00000000e7880000)
  from space 11776K, 99% used [0x00000000e9480000,0x00000000e9fff998,0x00000000ea000000)
  to   space 14336K, 0% used [0x00000000e8400000,0x00000000e8400000,0x00000000e9200000)
 ParOldGen       total 99840K, used 19767K [0x00000000a0000000, 0x00000000a6180000, 0x00000000e0000000)
  object space 99840K, 19% used [0x00000000a0000000,0x00000000a134dea0,0x00000000a6180000)
 Metaspace       used 55104K, capacity 56977K, committed 57256K, reserved 1099776K
  class space    used 7379K, capacity 7805K, committed 7848K, reserved 1048576K
Event: 10.386 GC heap after
Heap after GC invocations=13 (full 2):
 PSYoungGen      total 149504K, used 14313K [0x00000000e0000000, 0x00000000eb500000, 0x0000000100000000)
  eden space 135168K, 0% used [0x00000000e0000000,0x00000000e0000000,0x00000000e8400000)
  from space 14336K, 99% used [0x00000000e8400000,0x00000000e91fa580,0x00000000e9200000)
  to   space 18432K, 0% used [0x00000000ea300000,0x00000000ea300000,0x00000000eb500000)
 ParOldGen       total 99840K, used 26565K [0x00000000a0000000, 0x00000000a6180000, 0x00000000e0000000)
  object space 99840K, 26% used [0x00000000a0000000,0x00000000a19f1658,0x00000000a6180000)
 Metaspace       used 55104K, capacity 56977K, committed 57256K, reserved 1099776K
  class space    used 7379K, capacity 7805K, committed 7848K, reserved 1048576K
}
Event: 10.967 GC heap before
{Heap before GC invocations=14 (full 2):
 PSYoungGen      total 149504K, used 43590K [0x00000000e0000000, 0x00000000eb500000, 0x0000000100000000)
  eden space 135168K, 21% used [0x00000000e0000000,0x00000000e1c975c0,0x00000000e8400000)
  from space 14336K, 99% used [0x00000000e8400000,0x00000000e91fa580,0x00000000e9200000)
  to   space 18432K, 0% used [0x00000000ea300000,0x00000000ea300000,0x00000000eb500000)
 ParOldGen       total 99840K, used 26565K [0x00000000a0000000, 0x00000000a6180000, 0x00000000e0000000)
  object space 99840K, 26% used [0x00000000a0000000,0x00000000a19f1658,0x00000000a6180000)
 Metaspace       used 57168K, capacity 59087K, committed 59160K, reserved 1099776K
  class space    used 7666K, capacity 8065K, committed 8104K, reserved 1048576K
Event: 10.987 GC heap after
Heap after GC invocations=14 (full 2):
 PSYoungGen      total 166400K, used 2368K [0x00000000e0000000, 0x00000000ecb00000, 0x0000000100000000)
  eden space 147968K, 0% used [0x00000000e0000000,0x00000000e0000000,0x00000000e9080000)
  from space 18432K, 12% used [0x00000000ea300000,0x00000000ea550000,0x00000000eb500000)
  to   space 18944K, 0% used [0x00000000e9080000,0x00000000e9080000,0x00000000ea300000)
 ParOldGen       total 99840K, used 33311K [0x00000000a0000000, 0x00000000a6180000, 0x00000000e0000000)
  object space 99840K, 33% used [0x00000000a0000000,0x00000000a2087f08,0x00000000a6180000)
 Metaspace       used 57168K, capacity 59087K, committed 59160K, reserved 1099776K
  class space    used 7666K, capacity 8065K, committed 8104K, reserved 1048576K
}
Event: 10.987 GC heap before
{Heap before GC invocations=15 (full 3):
 PSYoungGen      total 166400K, used 2368K [0x00000000e0000000, 0x00000000ecb00000, 0x0000000100000000)
  eden space 147968K, 0% used [0x00000000e0000000,0x00000000e0000000,0x00000000e9080000)
  from space 18432K, 12% used [0x00000000ea300000,0x00000000ea550000,0x00000000eb500000)
  to   space 18944K, 0% used [0x00000000e9080000,0x00000000e9080000,0x00000000ea300000)
 ParOldGen       total 99840K, used 33311K [0x00000000a0000000, 0x00000000a6180000, 0x00000000e0000000)
  object space 99840K, 33% used [0x00000000a0000000,0x00000000a2087f08,0x00000000a6180000)
 Metaspace       used 57168K, capacity 59087K, committed 59160K, reserved 1099776K
  class space    used 7666K, capacity 8065K, committed 8104K, reserved 1048576K
Event: 11.285 GC heap after
Heap after GC invocations=15 (full 3):
 PSYoungGen      total 166400K, used 0K [0x00000000e0000000, 0x00000000ecb00000, 0x0000000100000000)
  eden space 147968K, 0% used [0x00000000e0000000,0x00000000e0000000,0x00000000e9080000)
  from space 18432K, 0% used [0x00000000ea300000,0x00000000ea300000,0x00000000eb500000)
  to   space 18944K, 0% used [0x00000000e9080000,0x00000000e9080000,0x00000000ea300000)
 ParOldGen       total 147456K, used 29151K [0x00000000a0000000, 0x00000000a9000000, 0x00000000e0000000)
  object space 147456K, 19% used [0x00000000a0000000,0x00000000a1c77f00,0x00000000a9000000)
 Metaspace       used 57116K, capacity 58916K, committed 59160K, reserved 1099776K
  class space    used 7652K, capacity 8043K, committed 8104K, reserved 1048576K
}
Event: 17.263 GC heap before
{Heap before GC invocations=16 (full 3):
 PSYoungGen      total 166400K, used 147968K [0x00000000e0000000, 0x00000000ecb00000, 0x0000000100000000)
  eden space 147968K, 100% used [0x00000000e0000000,0x00000000e9080000,0x00000000e9080000)
  from space 18432K, 0% used [0x00000000ea300000,0x00000000ea300000,0x00000000eb500000)
  to   space 18944K, 0% used [0x00000000e9080000,0x00000000e9080000,0x00000000ea300000)
 ParOldGen       total 147456K, used 29151K [0x00000000a0000000, 0x00000000a9000000, 0x00000000e0000000)
  object space 147456K, 19% used [0x00000000a0000000,0x00000000a1c77f00,0x00000000a9000000)
 Metaspace       used 64480K, capacity 66954K, committed 67240K, reserved 1107968K
  class space    used 8765K, capacity 9266K, committed 9384K, reserved 1048576K
Event: 17.282 GC heap after
Heap after GC invocations=16 (full 3):
 PSYoungGen      total 166912K, used 12718K [0x00000000e0000000, 0x00000000ecf00000, 0x0000000100000000)
  eden space 147968K, 0% used [0x00000000e0000000,0x00000000e0000000,0x00000000e9080000)
  from space 18944K, 67% used [0x00000000e9080000,0x00000000e9cebb78,0x00000000ea300000)
  to   space 19456K, 0% used [0x00000000ebc00000,0x00000000ebc00000,0x00000000ecf00000)
 ParOldGen       total 147456K, used 29159K [0x00000000a0000000, 0x00000000a9000000, 0x00000000e0000000)
  object space 147456K, 19% used [0x00000000a0000000,0x00000000a1c79f00,0x00000000a9000000)
 Metaspace       used 64480K, capacity 66954K, committed 67240K, reserved 1107968K
  class space    used 8765K, capacity 9266K, committed 9384K, reserved 1048576K
}

