# JRE version: OpenJDK Runtime Environment (8.0_202-b03) (build 1.8.0_202-release-1483-b03)
# Java VM: OpenJDK 64-Bit Server VM (25.202-b03 mixed mode windows-amd64 compressed oops)
Heap:
 PSYoungGen      total 144896K, used 66722K [0x00000000e0000000, 0x00000000eb780000, 0x0000000100000000)
  eden space 111104K, 30% used [0x00000000e0000000,0x00000000e20e5a30,0x00000000e6c80000)
  from space 33792K, 97% used [0x00000000e6f80000,0x00000000e8fc2e68,0x00000000e9080000)
  to   space 38400K, 0% used [0x00000000e9200000,0x00000000e9200000,0x00000000eb780000)
 ParOldGen       total 129536K, used 73970K [0x00000000a0000000, 0x00000000a7e80000, 0x00000000e0000000)
  object space 129536K, 57% used [0x00000000a0000000,0x00000000a483cbf0,0x00000000a7e80000)
 Metaspace       used 87627K, capacity 91356K, committed 91480K, reserved 1128448K
  class space    used 11240K, capacity 12061K, committed 12160K, reserved 1048576K
GC Heap History (10 events):
Event: 854.262 GC heap before
{Heap before GC invocations=26 (full 3):
 PSYoungGen      total 152064K, used 143685K [0x00000000e0000000, 0x00000000eb100000, 0x0000000100000000)
  eden space 133120K, 100% used [0x00000000e0000000,0x00000000e8200000,0x00000000e8200000)
  from space 18944K, 55% used [0x00000000e9e80000,0x00000000ea8d1708,0x00000000eb100000)
  to   space 24064K, 0% used [0x00000000e8200000,0x00000000e8200000,0x00000000e9980000)
 ParOldGen       total 129536K, used 57784K [0x00000000a0000000, 0x00000000a7e80000, 0x00000000e0000000)
  object space 129536K, 44% used [0x00000000a0000000,0x00000000a386e2b8,0x00000000a7e80000)
 Metaspace       used 72247K, capacity 75210K, committed 75352K, reserved 1114112K
  class space    used 9419K, capacity 10086K, committed 10112K, reserved 1048576K
Event: 854.270 GC heap after
Heap after GC invocations=26 (full 3):
 PSYoungGen      total 140800K, used 10917K [0x00000000e0000000, 0x00000000eab80000, 0x0000000100000000)
  eden space 129536K, 0% used [0x00000000e0000000,0x00000000e0000000,0x00000000e7e80000)
  from space 11264K, 96% used [0x00000000e8200000,0x00000000e8ca96e8,0x00000000e8d00000)
  to   space 23040K, 0% used [0x00000000e9500000,0x00000000e9500000,0x00000000eab80000)
 ParOldGen       total 129536K, used 57792K [0x00000000a0000000, 0x00000000a7e80000, 0x00000000e0000000)
  object space 129536K, 44% used [0x00000000a0000000,0x00000000a38702b8,0x00000000a7e80000)
 Metaspace       used 72247K, capacity 75210K, committed 75352K, reserved 1114112K
  class space    used 9419K, capacity 10086K, committed 10112K, reserved 1048576K
}
Event: 941.884 GC heap before
{Heap before GC invocations=27 (full 3):
 PSYoungGen      total 140800K, used 140453K [0x00000000e0000000, 0x00000000eab80000, 0x0000000100000000)
  eden space 129536K, 100% used [0x00000000e0000000,0x00000000e7e80000,0x00000000e7e80000)
  from space 11264K, 96% used [0x00000000e8200000,0x00000000e8ca96e8,0x00000000e8d00000)
  to   space 23040K, 0% used [0x00000000e9500000,0x00000000e9500000,0x00000000eab80000)
 ParOldGen       total 129536K, used 57792K [0x00000000a0000000, 0x00000000a7e80000, 0x00000000e0000000)
  object space 129536K, 44% used [0x00000000a0000000,0x00000000a38702b8,0x00000000a7e80000)
 Metaspace       used 72521K, capacity 75666K, committed 75992K, reserved 1116160K
  class space    used 9449K, capacity 10140K, committed 10240K, reserved 1048576K
Event: 941.892 GC heap after
Heap after GC invocations=27 (full 3):
 PSYoungGen      total 143360K, used 10997K [0x00000000e0000000, 0x00000000ea600000, 0x0000000100000000)
  eden space 125952K, 0% used [0x00000000e0000000,0x00000000e0000000,0x00000000e7b00000)
  from space 17408K, 63% used [0x00000000e9500000,0x00000000e9fbd6d8,0x00000000ea600000)
  to   space 22016K, 0% used [0x00000000e7b00000,0x00000000e7b00000,0x00000000e9080000)
 ParOldGen       total 129536K, used 57800K [0x00000000a0000000, 0x00000000a7e80000, 0x00000000e0000000)
  object space 129536K, 44% used [0x00000000a0000000,0x00000000a38722b8,0x00000000a7e80000)
 Metaspace       used 72521K, capacity 75666K, committed 75992K, reserved 1116160K
  class space    used 9449K, capacity 10140K, committed 10240K, reserved 1048576K
}
Event: 945.491 GC heap before
{Heap before GC invocations=28 (full 3):
 PSYoungGen      total 143360K, used 136946K [0x00000000e0000000, 0x00000000ea600000, 0x0000000100000000)
  eden space 125952K, 99% used [0x00000000e0000000,0x00000000e7aff338,0x00000000e7b00000)
  from space 17408K, 63% used [0x00000000e9500000,0x00000000e9fbd6d8,0x00000000ea600000)
  to   space 22016K, 0% used [0x00000000e7b00000,0x00000000e7b00000,0x00000000e9080000)
 ParOldGen       total 129536K, used 57800K [0x00000000a0000000, 0x00000000a7e80000, 0x00000000e0000000)
  object space 129536K, 44% used [0x00000000a0000000,0x00000000a38722b8,0x00000000a7e80000)
 Metaspace       used 76684K, capacity 80140K, committed 80344K, reserved 1118208K
  class space    used 10010K, capacity 10719K, committed 10752K, reserved 1048576K
Event: 945.527 GC heap after
Heap after GC invocations=28 (full 3):
 PSYoungGen      total 144384K, used 21988K [0x00000000e0000000, 0x00000000ea880000, 0x0000000100000000)
  eden space 122368K, 0% used [0x00000000e0000000,0x00000000e0000000,0x00000000e7780000)
  from space 22016K, 99% used [0x00000000e7b00000,0x00000000e90792e0,0x00000000e9080000)
  to   space 24576K, 0% used [0x00000000e9080000,0x00000000e9080000,0x00000000ea880000)
 ParOldGen       total 129536K, used 58666K [0x00000000a0000000, 0x00000000a7e80000, 0x00000000e0000000)
  object space 129536K, 45% used [0x00000000a0000000,0x00000000a394a998,0x00000000a7e80000)
 Metaspace       used 76684K, capacity 80140K, committed 80344K, reserved 1118208K
  class space    used 10010K, capacity 10719K, committed 10752K, reserved 1048576K
}
Event: 948.313 GC heap before
{Heap before GC invocations=29 (full 3):
 PSYoungGen      total 144384K, used 144356K [0x00000000e0000000, 0x00000000ea880000, 0x0000000100000000)
  eden space 122368K, 100% used [0x00000000e0000000,0x00000000e7780000,0x00000000e7780000)
  from space 22016K, 99% used [0x00000000e7b00000,0x00000000e90792e0,0x00000000e9080000)
  to   space 24576K, 0% used [0x00000000e9080000,0x00000000e9080000,0x00000000ea880000)
 ParOldGen       total 129536K, used 58666K [0x00000000a0000000, 0x00000000a7e80000, 0x00000000e0000000)
  object space 129536K, 45% used [0x00000000a0000000,0x00000000a394a998,0x00000000a7e80000)
 Metaspace       used 81600K, capacity 84978K, committed 85208K, reserved 1124352K
  class space    used 10414K, capacity 11150K, committed 11264K, reserved 1048576K
Event: 948.343 GC heap after
Heap after GC invocations=29 (full 3):
 PSYoungGen      total 138752K, used 24566K [0x00000000e0000000, 0x00000000eb680000, 0x0000000100000000)
  eden space 114176K, 0% used [0x00000000e0000000,0x00000000e0000000,0x00000000e6f80000)
  from space 24576K, 99% used [0x00000000e9080000,0x00000000ea87d8c0,0x00000000ea880000)
  to   space 33792K, 0% used [0x00000000e6f80000,0x00000000e6f80000,0x00000000e9080000)
 ParOldGen       total 129536K, used 73760K [0x00000000a0000000, 0x00000000a7e80000, 0x00000000e0000000)
  object space 129536K, 56% used [0x00000000a0000000,0x00000000a4808068,0x00000000a7e80000)
 Metaspace       used 81600K, capacity 84978K, committed 85208K, reserved 1124352K
  class space    used 10414K, capacity 11150K, committed 11264K, reserved 1048576K
}
Event: 951.057 GC heap before
{Heap before GC invocations=30 (full 3):
 PSYoungGen      total 138752K, used 138742K [0x00000000e0000000, 0x00000000eb680000, 0x0000000100000000)
  eden space 114176K, 100% used [0x00000000e0000000,0x00000000e6f80000,0x00000000e6f80000)
  from space 24576K, 99% used [0x00000000e9080000,0x00000000ea87d8c0,0x00000000ea880000)
  to   space 33792K, 0% used [0x00000000e6f80000,0x00000000e6f80000,0x00000000e9080000)
 ParOldGen       total 129536K, used 73760K [0x00000000a0000000, 0x00000000a7e80000, 0x00000000e0000000)
  object space 129536K, 56% used [0x00000000a0000000,0x00000000a4808068,0x00000000a7e80000)
 Metaspace       used 83738K, capacity 87200K, committed 87512K, reserved 1126400K
  class space    used 10624K, capacity 11401K, committed 11520K, reserved 1048576K
Event: 951.086 GC heap after
Heap after GC invocations=30 (full 3):
 PSYoungGen      total 144896K, used 33035K [0x00000000e0000000, 0x00000000eb780000, 0x0000000100000000)
  eden space 111104K, 0% used [0x00000000e0000000,0x00000000e0000000,0x00000000e6c80000)
  from space 33792K, 97% used [0x00000000e6f80000,0x00000000e8fc2e68,0x00000000e9080000)
  to   space 38400K, 0% used [0x00000000e9200000,0x00000000e9200000,0x00000000eb780000)
 ParOldGen       total 129536K, used 73970K [0x00000000a0000000, 0x00000000a7e80000, 0x00000000e0000000)
  object space 129536K, 57% used [0x00000000a0000000,0x00000000a483cbf0,0x00000000a7e80000)
 Metaspace       used 83738K, capacity 87200K, committed 87512K, reserved 1126400K
  class space    used 10624K, capacity 11401K, committed 11520K, reserved 1048576K
}

